<?xml version="1.0" encoding="UTF-8"?>
<testsuite xmlns:xsi="http://www.w3.org/2001/XMLSchema-instance" xsi:noNamespaceSchemaLocation="https://maven.apache.org/surefire/maven-surefire-plugin/xsd/surefire-test-report-3.0.xsd" version="3.0" name="com.epf.API.ZombieControllerTest" time="0.222" tests="5" errors="0" skipped="0" failures="0">
  <properties>
    <property name="java.specification.version" value="21"/>
    <property name="sun.cpu.isalist" value="amd64"/>
    <property name="sun.jnu.encoding" value="Cp1252"/>
    <property name="java.class.path" value="C:\Users\arthu\OneDrive\Bureau\informatique epf\4A\JAVA\CoursEpfBack\target\test-classes;C:\Users\arthu\OneDrive\Bureau\informatique epf\4A\JAVA\CoursEpfBack\target\classes;C:\Users\arthu\.m2\repository\org\springframework\spring-webmvc\6.2.2\spring-webmvc-6.2.2.jar;C:\Users\arthu\.m2\repository\org\springframework\spring-aop\6.2.2\spring-aop-6.2.2.jar;C:\Users\arthu\.m2\repository\org\springframework\spring-beans\6.2.2\spring-beans-6.2.2.jar;C:\Users\arthu\.m2\repository\org\springframework\spring-context\6.2.2\spring-context-6.2.2.jar;C:\Users\arthu\.m2\repository\io\micrometer\micrometer-observation\1.14.3\micrometer-observation-1.14.3.jar;C:\Users\arthu\.m2\repository\io\micrometer\micrometer-commons\1.14.3\micrometer-commons-1.14.3.jar;C:\Users\arthu\.m2\repository\org\springframework\spring-core\6.2.2\spring-core-6.2.2.jar;C:\Users\arthu\.m2\repository\org\springframework\spring-jcl\6.2.2\spring-jcl-6.2.2.jar;C:\Users\arthu\.m2\repository\org\springframework\spring-expression\6.2.2\spring-expression-6.2.2.jar;C:\Users\arthu\.m2\repository\org\springframework\spring-web\6.2.2\spring-web-6.2.2.jar;C:\Users\arthu\.m2\repository\org\springframework\spring-jdbc\6.1.13\spring-jdbc-6.1.13.jar;C:\Users\arthu\.m2\repository\org\springframework\spring-tx\6.1.13\spring-tx-6.1.13.jar;C:\Users\arthu\.m2\repository\com\mysql\mysql-connector-j\8.0.33\mysql-connector-j-8.0.33.jar;C:\Users\arthu\.m2\repository\com\google\protobuf\protobuf-java\3.21.9\protobuf-java-3.21.9.jar;C:\Users\arthu\.m2\repository\com\fasterxml\jackson\core\jackson-databind\2.18.2\jackson-databind-2.18.2.jar;C:\Users\arthu\.m2\repository\com\fasterxml\jackson\core\jackson-annotations\2.18.2\jackson-annotations-2.18.2.jar;C:\Users\arthu\.m2\repository\com\fasterxml\jackson\core\jackson-core\2.18.2\jackson-core-2.18.2.jar;C:\Users\arthu\.m2\repository\jakarta\servlet\jakarta.servlet-api\6.1.0\jakarta.servlet-api-6.1.0.jar;C:\Users\arthu\.m2\repository\ch\qos\logback\logback-classic\1.5.16\logback-classic-1.5.16.jar;C:\Users\arthu\.m2\repository\ch\qos\logback\logback-core\1.5.16\logback-core-1.5.16.jar;C:\Users\arthu\.m2\repository\org\slf4j\slf4j-api\2.0.16\slf4j-api-2.0.16.jar;C:\Users\arthu\.m2\repository\junit\junit\4.13.2\junit-4.13.2.jar;C:\Users\arthu\.m2\repository\org\hamcrest\hamcrest-core\1.3\hamcrest-core-1.3.jar;C:\Users\arthu\.m2\repository\org\junit\jupiter\junit-jupiter-api\5.8.1\junit-jupiter-api-5.8.1.jar;C:\Users\arthu\.m2\repository\org\opentest4j\opentest4j\1.2.0\opentest4j-1.2.0.jar;C:\Users\arthu\.m2\repository\org\junit\platform\junit-platform-commons\1.8.1\junit-platform-commons-1.8.1.jar;C:\Users\arthu\.m2\repository\org\apiguardian\apiguardian-api\1.1.2\apiguardian-api-1.1.2.jar;C:\Users\arthu\.m2\repository\org\junit\jupiter\junit-jupiter-engine\5.8.1\junit-jupiter-engine-5.8.1.jar;C:\Users\arthu\.m2\repository\org\junit\platform\junit-platform-engine\1.8.1\junit-platform-engine-1.8.1.jar;C:\Users\arthu\.m2\repository\org\mockito\mockito-junit-jupiter\5.16.1\mockito-junit-jupiter-5.16.1.jar;C:\Users\arthu\.m2\repository\org\mockito\mockito-core\5.16.1\mockito-core-5.16.1.jar;C:\Users\arthu\.m2\repository\net\bytebuddy\byte-buddy\1.15.11\byte-buddy-1.15.11.jar;C:\Users\arthu\.m2\repository\net\bytebuddy\byte-buddy-agent\1.15.11\byte-buddy-agent-1.15.11.jar;C:\Users\arthu\.m2\repository\org\objenesis\objenesis\3.3\objenesis-3.3.jar;C:\Users\arthu\.m2\repository\org\springframework\spring-test\6.2.2\spring-test-6.2.2.jar;C:\Users\arthu\.m2\repository\com\jayway\jsonpath\json-path\2.7.0\json-path-2.7.0.jar;C:\Users\arthu\.m2\repository\net\minidev\json-smart\2.4.7\json-smart-2.4.7.jar;C:\Users\arthu\.m2\repository\net\minidev\accessors-smart\2.4.7\accessors-smart-2.4.7.jar;C:\Users\arthu\.m2\repository\org\ow2\asm\asm\9.1\asm-9.1.jar;C:\Users\arthu\.m2\repository\javax\servlet\javax.servlet-api\4.0.1\javax.servlet-api-4.0.1.jar;C:\Users\arthu\.m2\repository\org\hibernate\validator\hibernate-validator\8.0.1.Final\hibernate-validator-8.0.1.Final.jar;C:\Users\arthu\.m2\repository\org\jboss\logging\jboss-logging\3.4.3.Final\jboss-logging-3.4.3.Final.jar;C:\Users\arthu\.m2\repository\com\fasterxml\classmate\1.5.1\classmate-1.5.1.jar;C:\Users\arthu\.m2\repository\jakarta\validation\jakarta.validation-api\3.0.2\jakarta.validation-api-3.0.2.jar;C:\Users\arthu\.m2\repository\org\hamcrest\hamcrest\2.2\hamcrest-2.2.jar;C:\Users\arthu\.m2\repository\org\glassfish\jakarta.el\4.0.2\jakarta.el-4.0.2.jar;C:\Users\arthu\.m2\repository\jakarta\el\jakarta.el-api\4.0.0\jakarta.el-api-4.0.0.jar;"/>
    <property name="java.vm.vendor" value="Oracle Corporation"/>
    <property name="sun.arch.data.model" value="64"/>
    <property name="user.variant" value=""/>
    <property name="java.vendor.url" value="https://java.oracle.com/"/>
    <property name="user.timezone" value="Europe/Paris"/>
    <property name="os.name" value="Windows 11"/>
    <property name="java.vm.specification.version" value="21"/>
    <property name="sun.java.launcher" value="SUN_STANDARD"/>
    <property name="user.country" value="FR"/>
    <property name="sun.boot.library.path" value="C:\Program Files\Java\jdk-21\bin"/>
    <property name="sun.java.command" value="C:\Users\arthu\AppData\Local\Temp\surefire10043102063695211792\surefirebooter-20250428161321705_3.jar C:\Users\arthu\AppData\Local\Temp\surefire10043102063695211792 2025-04-28T16-13-21_476-jvmRun1 surefire-20250428161321705_1tmp surefire_0-20250428161321705_2tmp"/>
    <property name="jdk.debug" value="release"/>
    <property name="surefire.test.class.path" value="C:\Users\arthu\OneDrive\Bureau\informatique epf\4A\JAVA\CoursEpfBack\target\test-classes;C:\Users\arthu\OneDrive\Bureau\informatique epf\4A\JAVA\CoursEpfBack\target\classes;C:\Users\arthu\.m2\repository\org\springframework\spring-webmvc\6.2.2\spring-webmvc-6.2.2.jar;C:\Users\arthu\.m2\repository\org\springframework\spring-aop\6.2.2\spring-aop-6.2.2.jar;C:\Users\arthu\.m2\repository\org\springframework\spring-beans\6.2.2\spring-beans-6.2.2.jar;C:\Users\arthu\.m2\repository\org\springframework\spring-context\6.2.2\spring-context-6.2.2.jar;C:\Users\arthu\.m2\repository\io\micrometer\micrometer-observation\1.14.3\micrometer-observation-1.14.3.jar;C:\Users\arthu\.m2\repository\io\micrometer\micrometer-commons\1.14.3\micrometer-commons-1.14.3.jar;C:\Users\arthu\.m2\repository\org\springframework\spring-core\6.2.2\spring-core-6.2.2.jar;C:\Users\arthu\.m2\repository\org\springframework\spring-jcl\6.2.2\spring-jcl-6.2.2.jar;C:\Users\arthu\.m2\repository\org\springframework\spring-expression\6.2.2\spring-expression-6.2.2.jar;C:\Users\arthu\.m2\repository\org\springframework\spring-web\6.2.2\spring-web-6.2.2.jar;C:\Users\arthu\.m2\repository\org\springframework\spring-jdbc\6.1.13\spring-jdbc-6.1.13.jar;C:\Users\arthu\.m2\repository\org\springframework\spring-tx\6.1.13\spring-tx-6.1.13.jar;C:\Users\arthu\.m2\repository\com\mysql\mysql-connector-j\8.0.33\mysql-connector-j-8.0.33.jar;C:\Users\arthu\.m2\repository\com\google\protobuf\protobuf-java\3.21.9\protobuf-java-3.21.9.jar;C:\Users\arthu\.m2\repository\com\fasterxml\jackson\core\jackson-databind\2.18.2\jackson-databind-2.18.2.jar;C:\Users\arthu\.m2\repository\com\fasterxml\jackson\core\jackson-annotations\2.18.2\jackson-annotations-2.18.2.jar;C:\Users\arthu\.m2\repository\com\fasterxml\jackson\core\jackson-core\2.18.2\jackson-core-2.18.2.jar;C:\Users\arthu\.m2\repository\jakarta\servlet\jakarta.servlet-api\6.1.0\jakarta.servlet-api-6.1.0.jar;C:\Users\arthu\.m2\repository\ch\qos\logback\logback-classic\1.5.16\logback-classic-1.5.16.jar;C:\Users\arthu\.m2\repository\ch\qos\logback\logback-core\1.5.16\logback-core-1.5.16.jar;C:\Users\arthu\.m2\repository\org\slf4j\slf4j-api\2.0.16\slf4j-api-2.0.16.jar;C:\Users\arthu\.m2\repository\junit\junit\4.13.2\junit-4.13.2.jar;C:\Users\arthu\.m2\repository\org\hamcrest\hamcrest-core\1.3\hamcrest-core-1.3.jar;C:\Users\arthu\.m2\repository\org\junit\jupiter\junit-jupiter-api\5.8.1\junit-jupiter-api-5.8.1.jar;C:\Users\arthu\.m2\repository\org\opentest4j\opentest4j\1.2.0\opentest4j-1.2.0.jar;C:\Users\arthu\.m2\repository\org\junit\platform\junit-platform-commons\1.8.1\junit-platform-commons-1.8.1.jar;C:\Users\arthu\.m2\repository\org\apiguardian\apiguardian-api\1.1.2\apiguardian-api-1.1.2.jar;C:\Users\arthu\.m2\repository\org\junit\jupiter\junit-jupiter-engine\5.8.1\junit-jupiter-engine-5.8.1.jar;C:\Users\arthu\.m2\repository\org\junit\platform\junit-platform-engine\1.8.1\junit-platform-engine-1.8.1.jar;C:\Users\arthu\.m2\repository\org\mockito\mockito-junit-jupiter\5.16.1\mockito-junit-jupiter-5.16.1.jar;C:\Users\arthu\.m2\repository\org\mockito\mockito-core\5.16.1\mockito-core-5.16.1.jar;C:\Users\arthu\.m2\repository\net\bytebuddy\byte-buddy\1.15.11\byte-buddy-1.15.11.jar;C:\Users\arthu\.m2\repository\net\bytebuddy\byte-buddy-agent\1.15.11\byte-buddy-agent-1.15.11.jar;C:\Users\arthu\.m2\repository\org\objenesis\objenesis\3.3\objenesis-3.3.jar;C:\Users\arthu\.m2\repository\org\springframework\spring-test\6.2.2\spring-test-6.2.2.jar;C:\Users\arthu\.m2\repository\com\jayway\jsonpath\json-path\2.7.0\json-path-2.7.0.jar;C:\Users\arthu\.m2\repository\net\minidev\json-smart\2.4.7\json-smart-2.4.7.jar;C:\Users\arthu\.m2\repository\net\minidev\accessors-smart\2.4.7\accessors-smart-2.4.7.jar;C:\Users\arthu\.m2\repository\org\ow2\asm\asm\9.1\asm-9.1.jar;C:\Users\arthu\.m2\repository\javax\servlet\javax.servlet-api\4.0.1\javax.servlet-api-4.0.1.jar;C:\Users\arthu\.m2\repository\org\hibernate\validator\hibernate-validator\8.0.1.Final\hibernate-validator-8.0.1.Final.jar;C:\Users\arthu\.m2\repository\org\jboss\logging\jboss-logging\3.4.3.Final\jboss-logging-3.4.3.Final.jar;C:\Users\arthu\.m2\repository\com\fasterxml\classmate\1.5.1\classmate-1.5.1.jar;C:\Users\arthu\.m2\repository\jakarta\validation\jakarta.validation-api\3.0.2\jakarta.validation-api-3.0.2.jar;C:\Users\arthu\.m2\repository\org\hamcrest\hamcrest\2.2\hamcrest-2.2.jar;C:\Users\arthu\.m2\repository\org\glassfish\jakarta.el\4.0.2\jakarta.el-4.0.2.jar;C:\Users\arthu\.m2\repository\jakarta\el\jakarta.el-api\4.0.0\jakarta.el-api-4.0.0.jar;"/>
    <property name="sun.cpu.endian" value="little"/>
    <property name="user.home" value="C:\Users\arthu"/>
    <property name="user.language" value="fr"/>
    <property name="java.specification.vendor" value="Oracle Corporation"/>
    <property name="java.version.date" value="2025-01-21"/>
    <property name="java.home" value="C:\Program Files\Java\jdk-21"/>
    <property name="file.separator" value="\"/>
    <property name="basedir" value="C:\Users\arthu\OneDrive\Bureau\informatique epf\4A\JAVA\CoursEpfBack"/>
    <property name="java.vm.compressedOopsMode" value="Zero based"/>
    <property name="line.separator" value="&#10;"/>
    <property name="java.vm.specification.vendor" value="Oracle Corporation"/>
    <property name="java.specification.name" value="Java Platform API Specification"/>
    <property name="surefire.real.class.path" value="C:\Users\arthu\AppData\Local\Temp\surefire10043102063695211792\surefirebooter-20250428161321705_3.jar"/>
    <property name="user.script" value=""/>
    <property name="sun.management.compiler" value="HotSpot 64-Bit Tiered Compilers"/>
    <property name="java.runtime.version" value="21.0.6+8-LTS-188"/>
    <property name="user.name" value="arthu"/>
    <property name="stdout.encoding" value="Cp1252"/>
    <property name="path.separator" value=";"/>
    <property name="os.version" value="10.0"/>
    <property name="java.runtime.name" value="Java(TM) SE Runtime Environment"/>
    <property name="file.encoding" value="UTF-8"/>
    <property name="java.vm.name" value="Java HotSpot(TM) 64-Bit Server VM"/>
    <property name="localRepository" value="C:\Users\arthu\.m2\repository"/>
    <property name="java.vendor.url.bug" value="https://bugreport.java.com/bugreport/"/>
    <property name="java.io.tmpdir" value="C:\Users\arthu\AppData\Local\Temp\"/>
    <property name="java.version" value="21.0.6"/>
    <property name="user.dir" value="C:\Users\arthu\OneDrive\Bureau\informatique epf\4A\JAVA\CoursEpfBack"/>
    <property name="os.arch" value="amd64"/>
    <property name="java.vm.specification.name" value="Java Virtual Machine Specification"/>
    <property name="sun.os.patch.level" value=""/>
    <property name="native.encoding" value="Cp1252"/>
    <property name="java.library.path" value="C:\Program Files\Java\jdk-21\bin;C:\WINDOWS\Sun\Java\bin;C:\WINDOWS\system32;C:\WINDOWS;C:\Windows\system32;C:\Windows;C:\Windows\System32\Wbem;C:\Windows\System32\WindowsPowerShell\v1.0\;C:\Windows\System32\OpenSSH\;C:\Program Files (x86)\NVIDIA Corporation\PhysX\Common;C:\Program Files\MATLAB\R2023b\bin;C:\WINDOWS\system32;C:\WINDOWS;C:\WINDOWS\System32\Wbem;C:\WINDOWS\System32\WindowsPowerShell\v1.0\;C:\WINDOWS\System32\OpenSSH\;C:\Program Files\NVIDIA Corporation\NVIDIA app\NvDLISR;C:\Program Files\MySQL\MySQL Server 8.0\bin;C:\Program Files\Java\jdk-21\bin;C:\ProgramData\ComposerSetup\bin;C:\Program Files\Go\bin;C:\Program Files\Meld\;C:\Program Files\nodejs\;C:\Program Files\Docker\Docker\resources\bin;C:\Users\arthu\AppData\Local\Programs\Python\Python313\Scripts\;C:\Users\arthu\AppData\Local\Programs\Python\Python313\;C:\Program Files\dotnet\;C:\Program Files\PuTTY\;C:\Users\arthu\AppData\Local\Programs\Python\Launcher\;C:\Users\arthu\AppData\Local\Microsoft\WindowsApps;C:\Users\arthu\AppData\Local\Programs\Microsoft VS Code\bin;C:\Program Files\MySQL\MySQL Server 8.0\bin;C:\Users\arthu\Downloads\apache-maven-3.9.9-bin\apache-maven-3.9.9\bin;C:\Program Files\Java\jdk-21\bin;C:\Users\arthu\Downloads\apache-tomcat-10.1.35\apache-tomcat-10.1.35;C:\MAMP\bin\php\php8.3.1;C:\Users\arthu\AppData\Roaming\Composer\vendor\bin;C:\Users\arthu\Downloads\symfony-cli_windows_amd64;C:\Users\arthu\go\bin;C:\Users\arthu\AppData\Roaming\npm;C:\Users\arthu\AppData\Local\Programs\Python\Python313\;;c:\Users\arthu\AppData\Roaming\Code\User\globalStorage\github.copilot-chat\debugCommand;."/>
    <property name="java.vm.info" value="mixed mode, sharing"/>
    <property name="stderr.encoding" value="Cp1252"/>
    <property name="java.vendor" value="Oracle Corporation"/>
    <property name="java.vm.version" value="21.0.6+8-LTS-188"/>
    <property name="sun.io.unicode.encoding" value="UnicodeLittle"/>
    <property name="java.class.version" value="65.0"/>
  </properties>
  <testcase name="testCreateZombie" classname="com.epf.API.ZombieControllerTest" time="0.087">
    <system-out><![CDATA[16:13:26.781 [main] DEBUG org.hibernate.validator.messageinterpolation.ResourceBundleMessageInterpolator -- Loaded expression factory via original TCCL
16:13:26.782 [main] DEBUG org.hibernate.validator.internal.engine.AbstractConfigurationImpl -- Setting custom MessageInterpolator of type org.springframework.validation.beanvalidation.LocaleContextMessageInterpolator
16:13:26.782 [main] DEBUG org.hibernate.validator.internal.xml.config.ValidationXmlParser -- Trying to load META-INF/validation.xml for XML based Validator configuration.
16:13:26.782 [main] DEBUG org.hibernate.validator.internal.xml.config.ResourceLoaderHelper -- Trying to load META-INF/validation.xml via TCCL
16:13:26.782 [main] DEBUG org.hibernate.validator.internal.xml.config.ResourceLoaderHelper -- Trying to load META-INF/validation.xml via Hibernate Validator's class loader
16:13:26.782 [main] DEBUG org.hibernate.validator.internal.xml.config.ValidationXmlParser -- No META-INF/validation.xml found. Using annotation based configuration only.
16:13:26.783 [main] DEBUG org.hibernate.validator.internal.engine.resolver.TraversableResolvers -- Cannot find jakarta.persistence.Persistence on classpath. Assuming non JPA 2 environment. All properties will per default be traversable.
16:13:26.785 [main] DEBUG org.hibernate.validator.internal.engine.ValidatorFactoryConfigurationHelper -- HV000252: Using org.hibernate.validator.internal.engine.DefaultPropertyNodeNameProvider as property node name provider.
16:13:26.786 [main] DEBUG org.hibernate.validator.internal.engine.ValidatorFactoryConfigurationHelper -- HV000234: Using org.springframework.validation.beanvalidation.LocaleContextMessageInterpolator as ValidatorFactory-scoped message interpolator.
16:13:26.786 [main] DEBUG org.hibernate.validator.internal.engine.ValidatorFactoryConfigurationHelper -- HV000234: Using org.hibernate.validator.internal.engine.resolver.TraverseAllTraversableResolver as ValidatorFactory-scoped traversable resolver.
16:13:26.786 [main] DEBUG org.hibernate.validator.internal.engine.ValidatorFactoryConfigurationHelper -- HV000234: Using org.hibernate.validator.internal.util.ExecutableParameterNameProvider as ValidatorFactory-scoped parameter name provider.
16:13:26.786 [main] DEBUG org.hibernate.validator.internal.engine.ValidatorFactoryConfigurationHelper -- HV000234: Using org.hibernate.validator.internal.engine.DefaultClockProvider as ValidatorFactory-scoped clock provider.
16:13:26.786 [main] DEBUG org.hibernate.validator.internal.engine.ValidatorFactoryConfigurationHelper -- HV000234: Using org.hibernate.validator.internal.engine.scripting.DefaultScriptEvaluatorFactory as ValidatorFactory-scoped script evaluator factory.
16:13:26.793 [main] DEBUG _org.springframework.web.servlet.HandlerMapping.Mappings -- 
	c.e.A.ZombieController:
	{PUT [/zombies/{id}]}: updateZombie(long,ZombieDTO)
	{GET [/zombies/{id}]}: getZombieById(long)
	{GET [/zombies]}: getAllZombies()
	{POST [/zombies]}: createZombie(ZombieDTO)
	{DELETE [/zombies/{id}]}: deleteZombie(long)
16:13:26.795 [main] DEBUG org.springframework.web.servlet.mvc.method.annotation.RequestMappingHandlerMapping -- 5 mappings in org.springframework.web.servlet.mvc.method.annotation.RequestMappingHandlerMapping
16:13:26.797 [main] DEBUG org.springframework.web.servlet.mvc.method.annotation.RequestMappingHandlerAdapter -- ControllerAdvice beans: 0 @ModelAttribute, 0 @InitBinder, 1 RequestBodyAdvice, 1 ResponseBodyAdvice
16:13:26.797 [main] DEBUG org.springframework.web.servlet.mvc.method.annotation.ExceptionHandlerExceptionResolver -- ControllerAdvice beans: 0 @ExceptionHandler, 1 ResponseBodyAdvice
16:13:26.797 [main] INFO org.springframework.mock.web.MockServletContext -- Initializing Spring TestDispatcherServlet ''
16:13:26.797 [main] INFO org.springframework.test.web.servlet.TestDispatcherServlet -- Initializing Servlet ''
16:13:26.797 [main] DEBUG org.springframework.test.web.servlet.TestDispatcherServlet -- Detected AcceptHeaderLocaleResolver
16:13:26.797 [main] DEBUG org.springframework.test.web.servlet.TestDispatcherServlet -- Detected FixedThemeResolver
16:13:26.797 [main] DEBUG org.springframework.test.web.servlet.TestDispatcherServlet -- Detected org.springframework.web.servlet.view.DefaultRequestToViewNameTranslator@66d25ba9
16:13:26.797 [main] DEBUG org.springframework.test.web.servlet.TestDispatcherServlet -- Detected org.springframework.web.servlet.support.SessionFlashMapManager@3830f918
16:13:26.797 [main] DEBUG org.springframework.test.web.servlet.TestDispatcherServlet -- enableLoggingRequestDetails='false': request parameters and headers will be masked to prevent unsafe logging of potentially sensitive data
16:13:26.797 [main] INFO org.springframework.test.web.servlet.TestDispatcherServlet -- Completed initialization in 0 ms
16:13:26.798 [main] DEBUG org.springframework.test.web.servlet.TestDispatcherServlet -- POST "/zombies", parameters={}
16:13:26.798 [main] DEBUG org.springframework.web.servlet.mvc.method.annotation.RequestMappingHandlerMapping -- Mapped to com.epf.API.ZombieController#createZombie(ZombieDTO)
16:13:26.800 [main] DEBUG org.springframework.web.servlet.mvc.method.annotation.RequestResponseBodyMethodProcessor -- Read "application/json" to [com.epf.API.ZombieDTO@739831a4]
16:13:26.803 [main] DEBUG org.springframework.web.servlet.mvc.method.annotation.RequestResponseBodyMethodProcessor -- Using 'application/json', given [*/*] and supported [application/json, application/*+json]
16:13:26.803 [main] DEBUG org.springframework.web.servlet.mvc.method.annotation.RequestResponseBodyMethodProcessor -- Writing [com.epf.API.ZombieDTO@739831a4]
16:13:26.805 [main] DEBUG org.springframework.test.web.servlet.TestDispatcherServlet -- Completed 200 OK
16:13:26.806 [main] DEBUG com.jayway.jsonpath.internal.path.CompiledPath -- Evaluating path: $['nom']
]]></system-out>
  </testcase>
  <testcase name="testGetAllZombies" classname="com.epf.API.ZombieControllerTest" time="0.032">
    <system-out><![CDATA[16:13:26.810 [main] DEBUG org.hibernate.validator.messageinterpolation.ResourceBundleMessageInterpolator -- Loaded expression factory via original TCCL
16:13:26.810 [main] DEBUG org.hibernate.validator.internal.engine.AbstractConfigurationImpl -- Setting custom MessageInterpolator of type org.springframework.validation.beanvalidation.LocaleContextMessageInterpolator
16:13:26.810 [main] DEBUG org.hibernate.validator.internal.xml.config.ValidationXmlParser -- Trying to load META-INF/validation.xml for XML based Validator configuration.
16:13:26.810 [main] DEBUG org.hibernate.validator.internal.xml.config.ResourceLoaderHelper -- Trying to load META-INF/validation.xml via TCCL
16:13:26.810 [main] DEBUG org.hibernate.validator.internal.xml.config.ResourceLoaderHelper -- Trying to load META-INF/validation.xml via Hibernate Validator's class loader
16:13:26.810 [main] DEBUG org.hibernate.validator.internal.xml.config.ValidationXmlParser -- No META-INF/validation.xml found. Using annotation based configuration only.
16:13:26.811 [main] DEBUG org.hibernate.validator.internal.engine.resolver.TraversableResolvers -- Cannot find jakarta.persistence.Persistence on classpath. Assuming non JPA 2 environment. All properties will per default be traversable.
16:13:26.813 [main] DEBUG org.hibernate.validator.internal.engine.ValidatorFactoryConfigurationHelper -- HV000252: Using org.hibernate.validator.internal.engine.DefaultPropertyNodeNameProvider as property node name provider.
16:13:26.813 [main] DEBUG org.hibernate.validator.internal.engine.ValidatorFactoryConfigurationHelper -- HV000234: Using org.springframework.validation.beanvalidation.LocaleContextMessageInterpolator as ValidatorFactory-scoped message interpolator.
16:13:26.814 [main] DEBUG org.hibernate.validator.internal.engine.ValidatorFactoryConfigurationHelper -- HV000234: Using org.hibernate.validator.internal.engine.resolver.TraverseAllTraversableResolver as ValidatorFactory-scoped traversable resolver.
16:13:26.814 [main] DEBUG org.hibernate.validator.internal.engine.ValidatorFactoryConfigurationHelper -- HV000234: Using org.hibernate.validator.internal.util.ExecutableParameterNameProvider as ValidatorFactory-scoped parameter name provider.
16:13:26.814 [main] DEBUG org.hibernate.validator.internal.engine.ValidatorFactoryConfigurationHelper -- HV000234: Using org.hibernate.validator.internal.engine.DefaultClockProvider as ValidatorFactory-scoped clock provider.
16:13:26.814 [main] DEBUG org.hibernate.validator.internal.engine.ValidatorFactoryConfigurationHelper -- HV000234: Using org.hibernate.validator.internal.engine.scripting.DefaultScriptEvaluatorFactory as ValidatorFactory-scoped script evaluator factory.
16:13:26.820 [main] DEBUG _org.springframework.web.servlet.HandlerMapping.Mappings -- 
	c.e.A.ZombieController:
	{PUT [/zombies/{id}]}: updateZombie(long,ZombieDTO)
	{GET [/zombies/{id}]}: getZombieById(long)
	{GET [/zombies]}: getAllZombies()
	{POST [/zombies]}: createZombie(ZombieDTO)
	{DELETE [/zombies/{id}]}: deleteZombie(long)
16:13:26.822 [main] DEBUG org.springframework.web.servlet.mvc.method.annotation.RequestMappingHandlerMapping -- 5 mappings in org.springframework.web.servlet.mvc.method.annotation.RequestMappingHandlerMapping
16:13:26.827 [main] DEBUG org.springframework.web.servlet.mvc.method.annotation.RequestMappingHandlerAdapter -- ControllerAdvice beans: 0 @ModelAttribute, 0 @InitBinder, 1 RequestBodyAdvice, 1 ResponseBodyAdvice
16:13:26.828 [main] DEBUG org.springframework.web.servlet.mvc.method.annotation.ExceptionHandlerExceptionResolver -- ControllerAdvice beans: 0 @ExceptionHandler, 1 ResponseBodyAdvice
16:13:26.828 [main] INFO org.springframework.mock.web.MockServletContext -- Initializing Spring TestDispatcherServlet ''
16:13:26.828 [main] INFO org.springframework.test.web.servlet.TestDispatcherServlet -- Initializing Servlet ''
16:13:26.828 [main] DEBUG org.springframework.test.web.servlet.TestDispatcherServlet -- Detected AcceptHeaderLocaleResolver
16:13:26.828 [main] DEBUG org.springframework.test.web.servlet.TestDispatcherServlet -- Detected FixedThemeResolver
16:13:26.829 [main] DEBUG org.springframework.test.web.servlet.TestDispatcherServlet -- Detected org.springframework.web.servlet.view.DefaultRequestToViewNameTranslator@2cfe272f
16:13:26.829 [main] DEBUG org.springframework.test.web.servlet.TestDispatcherServlet -- Detected org.springframework.web.servlet.support.SessionFlashMapManager@2f95653f
16:13:26.829 [main] DEBUG org.springframework.test.web.servlet.TestDispatcherServlet -- enableLoggingRequestDetails='false': request parameters and headers will be masked to prevent unsafe logging of potentially sensitive data
16:13:26.829 [main] INFO org.springframework.test.web.servlet.TestDispatcherServlet -- Completed initialization in 1 ms
16:13:26.831 [main] DEBUG org.springframework.test.web.servlet.TestDispatcherServlet -- GET "/zombies", parameters={}
16:13:26.831 [main] DEBUG org.springframework.web.servlet.mvc.method.annotation.RequestMappingHandlerMapping -- Mapped to com.epf.API.ZombieController#getAllZombies()
16:13:26.833 [main] DEBUG org.springframework.web.servlet.mvc.method.annotation.RequestResponseBodyMethodProcessor -- Using 'application/json', given [*/*] and supported [application/json, application/*+json]
16:13:26.833 [main] DEBUG org.springframework.web.servlet.mvc.method.annotation.RequestResponseBodyMethodProcessor -- Writing [[com.epf.API.ZombieDTO@3dc68586, com.epf.API.ZombieDTO@60dc1a4e]]
16:13:26.837 [main] DEBUG org.springframework.test.web.servlet.TestDispatcherServlet -- Completed 200 OK
16:13:26.838 [main] DEBUG com.jayway.jsonpath.internal.path.CompiledPath -- Evaluating path: $[0]['id_zombie']
16:13:26.838 [main] DEBUG com.jayway.jsonpath.internal.path.CompiledPath -- Evaluating path: $[0]['nom']
16:13:26.838 [main] DEBUG com.jayway.jsonpath.internal.path.CompiledPath -- Evaluating path: $[1]['id_zombie']
16:13:26.838 [main] DEBUG com.jayway.jsonpath.internal.path.CompiledPath -- Evaluating path: $[1]['nom']
]]></system-out>
  </testcase>
  <testcase name="testUpdateZombie" classname="com.epf.API.ZombieControllerTest" time="0.03">
    <system-out><![CDATA[16:13:26.842 [main] DEBUG org.hibernate.validator.messageinterpolation.ResourceBundleMessageInterpolator -- Loaded expression factory via original TCCL
16:13:26.842 [main] DEBUG org.hibernate.validator.internal.engine.AbstractConfigurationImpl -- Setting custom MessageInterpolator of type org.springframework.validation.beanvalidation.LocaleContextMessageInterpolator
16:13:26.842 [main] DEBUG org.hibernate.validator.internal.xml.config.ValidationXmlParser -- Trying to load META-INF/validation.xml for XML based Validator configuration.
16:13:26.843 [main] DEBUG org.hibernate.validator.internal.xml.config.ResourceLoaderHelper -- Trying to load META-INF/validation.xml via TCCL
16:13:26.843 [main] DEBUG org.hibernate.validator.internal.xml.config.ResourceLoaderHelper -- Trying to load META-INF/validation.xml via Hibernate Validator's class loader
16:13:26.843 [main] DEBUG org.hibernate.validator.internal.xml.config.ValidationXmlParser -- No META-INF/validation.xml found. Using annotation based configuration only.
16:13:26.844 [main] DEBUG org.hibernate.validator.internal.engine.resolver.TraversableResolvers -- Cannot find jakarta.persistence.Persistence on classpath. Assuming non JPA 2 environment. All properties will per default be traversable.
16:13:26.846 [main] DEBUG org.hibernate.validator.internal.engine.ValidatorFactoryConfigurationHelper -- HV000252: Using org.hibernate.validator.internal.engine.DefaultPropertyNodeNameProvider as property node name provider.
16:13:26.846 [main] DEBUG org.hibernate.validator.internal.engine.ValidatorFactoryConfigurationHelper -- HV000234: Using org.springframework.validation.beanvalidation.LocaleContextMessageInterpolator as ValidatorFactory-scoped message interpolator.
16:13:26.846 [main] DEBUG org.hibernate.validator.internal.engine.ValidatorFactoryConfigurationHelper -- HV000234: Using org.hibernate.validator.internal.engine.resolver.TraverseAllTraversableResolver as ValidatorFactory-scoped traversable resolver.
16:13:26.846 [main] DEBUG org.hibernate.validator.internal.engine.ValidatorFactoryConfigurationHelper -- HV000234: Using org.hibernate.validator.internal.util.ExecutableParameterNameProvider as ValidatorFactory-scoped parameter name provider.
16:13:26.846 [main] DEBUG org.hibernate.validator.internal.engine.ValidatorFactoryConfigurationHelper -- HV000234: Using org.hibernate.validator.internal.engine.DefaultClockProvider as ValidatorFactory-scoped clock provider.
16:13:26.846 [main] DEBUG org.hibernate.validator.internal.engine.ValidatorFactoryConfigurationHelper -- HV000234: Using org.hibernate.validator.internal.engine.scripting.DefaultScriptEvaluatorFactory as ValidatorFactory-scoped script evaluator factory.
16:13:26.851 [main] DEBUG _org.springframework.web.servlet.HandlerMapping.Mappings -- 
	c.e.A.ZombieController:
	{PUT [/zombies/{id}]}: updateZombie(long,ZombieDTO)
	{GET [/zombies/{id}]}: getZombieById(long)
	{GET [/zombies]}: getAllZombies()
	{POST [/zombies]}: createZombie(ZombieDTO)
	{DELETE [/zombies/{id}]}: deleteZombie(long)
16:13:26.853 [main] DEBUG org.springframework.web.servlet.mvc.method.annotation.RequestMappingHandlerMapping -- 5 mappings in org.springframework.web.servlet.mvc.method.annotation.RequestMappingHandlerMapping
16:13:26.855 [main] DEBUG org.springframework.web.servlet.mvc.method.annotation.RequestMappingHandlerAdapter -- ControllerAdvice beans: 0 @ModelAttribute, 0 @InitBinder, 1 RequestBodyAdvice, 1 ResponseBodyAdvice
16:13:26.855 [main] DEBUG org.springframework.web.servlet.mvc.method.annotation.ExceptionHandlerExceptionResolver -- ControllerAdvice beans: 0 @ExceptionHandler, 1 ResponseBodyAdvice
16:13:26.855 [main] INFO org.springframework.mock.web.MockServletContext -- Initializing Spring TestDispatcherServlet ''
16:13:26.855 [main] INFO org.springframework.test.web.servlet.TestDispatcherServlet -- Initializing Servlet ''
16:13:26.855 [main] DEBUG org.springframework.test.web.servlet.TestDispatcherServlet -- Detected AcceptHeaderLocaleResolver
16:13:26.856 [main] DEBUG org.springframework.test.web.servlet.TestDispatcherServlet -- Detected FixedThemeResolver
16:13:26.856 [main] DEBUG org.springframework.test.web.servlet.TestDispatcherServlet -- Detected org.springframework.web.servlet.view.DefaultRequestToViewNameTranslator@5e5ddfbc
16:13:26.856 [main] DEBUG org.springframework.test.web.servlet.TestDispatcherServlet -- Detected org.springframework.web.servlet.support.SessionFlashMapManager@5bda157e
16:13:26.856 [main] DEBUG org.springframework.test.web.servlet.TestDispatcherServlet -- enableLoggingRequestDetails='false': request parameters and headers will be masked to prevent unsafe logging of potentially sensitive data
16:13:26.856 [main] INFO org.springframework.test.web.servlet.TestDispatcherServlet -- Completed initialization in 1 ms
16:13:26.856 [main] DEBUG org.springframework.test.web.servlet.TestDispatcherServlet -- PUT "/zombies/1", parameters={}
16:13:26.856 [main] DEBUG org.springframework.web.servlet.mvc.method.annotation.RequestMappingHandlerMapping -- Mapped to com.epf.API.ZombieController#updateZombie(long, ZombieDTO)
16:13:26.860 [main] DEBUG org.springframework.web.servlet.mvc.method.annotation.RequestResponseBodyMethodProcessor -- Read "application/json" to [com.epf.API.ZombieDTO@67e0fd6d]
16:13:26.866 [main] DEBUG org.springframework.web.servlet.mvc.method.annotation.RequestResponseBodyMethodProcessor -- Using 'application/json', given [*/*] and supported [application/json, application/*+json]
16:13:26.866 [main] DEBUG org.springframework.web.servlet.mvc.method.annotation.RequestResponseBodyMethodProcessor -- Writing [com.epf.API.ZombieDTO@67e0fd6d]
16:13:26.867 [main] DEBUG org.springframework.test.web.servlet.TestDispatcherServlet -- Completed 200 OK
16:13:26.867 [main] DEBUG com.jayway.jsonpath.internal.path.CompiledPath -- Evaluating path: $['nom']
16:13:26.868 [main] DEBUG com.jayway.jsonpath.internal.path.CompiledPath -- Evaluating path: $['point_de_vie']
]]></system-out>
  </testcase>
  <testcase name="testDeleteZombie" classname="com.epf.API.ZombieControllerTest" time="0.03">
    <system-out><![CDATA[16:13:26.875 [main] DEBUG org.hibernate.validator.messageinterpolation.ResourceBundleMessageInterpolator -- Loaded expression factory via original TCCL
16:13:26.875 [main] DEBUG org.hibernate.validator.internal.engine.AbstractConfigurationImpl -- Setting custom MessageInterpolator of type org.springframework.validation.beanvalidation.LocaleContextMessageInterpolator
16:13:26.876 [main] DEBUG org.hibernate.validator.internal.xml.config.ValidationXmlParser -- Trying to load META-INF/validation.xml for XML based Validator configuration.
16:13:26.876 [main] DEBUG org.hibernate.validator.internal.xml.config.ResourceLoaderHelper -- Trying to load META-INF/validation.xml via TCCL
16:13:26.876 [main] DEBUG org.hibernate.validator.internal.xml.config.ResourceLoaderHelper -- Trying to load META-INF/validation.xml via Hibernate Validator's class loader
16:13:26.877 [main] DEBUG org.hibernate.validator.internal.xml.config.ValidationXmlParser -- No META-INF/validation.xml found. Using annotation based configuration only.
16:13:26.880 [main] DEBUG org.hibernate.validator.internal.engine.resolver.TraversableResolvers -- Cannot find jakarta.persistence.Persistence on classpath. Assuming non JPA 2 environment. All properties will per default be traversable.
16:13:26.881 [main] DEBUG org.hibernate.validator.internal.engine.ValidatorFactoryConfigurationHelper -- HV000252: Using org.hibernate.validator.internal.engine.DefaultPropertyNodeNameProvider as property node name provider.
16:13:26.882 [main] DEBUG org.hibernate.validator.internal.engine.ValidatorFactoryConfigurationHelper -- HV000234: Using org.springframework.validation.beanvalidation.LocaleContextMessageInterpolator as ValidatorFactory-scoped message interpolator.
16:13:26.882 [main] DEBUG org.hibernate.validator.internal.engine.ValidatorFactoryConfigurationHelper -- HV000234: Using org.hibernate.validator.internal.engine.resolver.TraverseAllTraversableResolver as ValidatorFactory-scoped traversable resolver.
16:13:26.883 [main] DEBUG org.hibernate.validator.internal.engine.ValidatorFactoryConfigurationHelper -- HV000234: Using org.hibernate.validator.internal.util.ExecutableParameterNameProvider as ValidatorFactory-scoped parameter name provider.
16:13:26.883 [main] DEBUG org.hibernate.validator.internal.engine.ValidatorFactoryConfigurationHelper -- HV000234: Using org.hibernate.validator.internal.engine.DefaultClockProvider as ValidatorFactory-scoped clock provider.
16:13:26.883 [main] DEBUG org.hibernate.validator.internal.engine.ValidatorFactoryConfigurationHelper -- HV000234: Using org.hibernate.validator.internal.engine.scripting.DefaultScriptEvaluatorFactory as ValidatorFactory-scoped script evaluator factory.
16:13:26.887 [main] DEBUG _org.springframework.web.servlet.HandlerMapping.Mappings -- 
	c.e.A.ZombieController:
	{PUT [/zombies/{id}]}: updateZombie(long,ZombieDTO)
	{GET [/zombies/{id}]}: getZombieById(long)
	{GET [/zombies]}: getAllZombies()
	{POST [/zombies]}: createZombie(ZombieDTO)
	{DELETE [/zombies/{id}]}: deleteZombie(long)
16:13:26.889 [main] DEBUG org.springframework.web.servlet.mvc.method.annotation.RequestMappingHandlerMapping -- 5 mappings in org.springframework.web.servlet.mvc.method.annotation.RequestMappingHandlerMapping
16:13:26.891 [main] DEBUG org.springframework.web.servlet.mvc.method.annotation.RequestMappingHandlerAdapter -- ControllerAdvice beans: 0 @ModelAttribute, 0 @InitBinder, 1 RequestBodyAdvice, 1 ResponseBodyAdvice
16:13:26.892 [main] DEBUG org.springframework.web.servlet.mvc.method.annotation.ExceptionHandlerExceptionResolver -- ControllerAdvice beans: 0 @ExceptionHandler, 1 ResponseBodyAdvice
16:13:26.895 [main] INFO org.springframework.mock.web.MockServletContext -- Initializing Spring TestDispatcherServlet ''
16:13:26.895 [main] INFO org.springframework.test.web.servlet.TestDispatcherServlet -- Initializing Servlet ''
16:13:26.895 [main] DEBUG org.springframework.test.web.servlet.TestDispatcherServlet -- Detected AcceptHeaderLocaleResolver
16:13:26.895 [main] DEBUG org.springframework.test.web.servlet.TestDispatcherServlet -- Detected FixedThemeResolver
16:13:26.895 [main] DEBUG org.springframework.test.web.servlet.TestDispatcherServlet -- Detected org.springframework.web.servlet.view.DefaultRequestToViewNameTranslator@370ef50b
16:13:26.895 [main] DEBUG org.springframework.test.web.servlet.TestDispatcherServlet -- Detected org.springframework.web.servlet.support.SessionFlashMapManager@2b877a54
16:13:26.895 [main] DEBUG org.springframework.test.web.servlet.TestDispatcherServlet -- enableLoggingRequestDetails='false': request parameters and headers will be masked to prevent unsafe logging of potentially sensitive data
16:13:26.895 [main] INFO org.springframework.test.web.servlet.TestDispatcherServlet -- Completed initialization in 0 ms
16:13:26.896 [main] DEBUG org.springframework.test.web.servlet.TestDispatcherServlet -- DELETE "/zombies/1", parameters={}
16:13:26.898 [main] DEBUG org.springframework.web.servlet.mvc.method.annotation.RequestMappingHandlerMapping -- Mapped to com.epf.API.ZombieController#deleteZombie(long)
16:13:26.902 [main] DEBUG org.springframework.web.servlet.mvc.method.annotation.RequestResponseBodyMethodProcessor -- Using 'application/json', given [*/*] and supported [application/json, application/*+json]
16:13:26.902 [main] DEBUG org.springframework.web.servlet.mvc.method.annotation.RequestResponseBodyMethodProcessor -- Nothing to write: null body
16:13:26.902 [main] DEBUG org.springframework.test.web.servlet.TestDispatcherServlet -- Completed 200 OK
]]></system-out>
  </testcase>
  <testcase name="testGetZombieById" classname="com.epf.API.ZombieControllerTest" time="0.036">
    <system-out><![CDATA[16:13:26.907 [main] DEBUG org.hibernate.validator.messageinterpolation.ResourceBundleMessageInterpolator -- Loaded expression factory via original TCCL
16:13:26.907 [main] DEBUG org.hibernate.validator.internal.engine.AbstractConfigurationImpl -- Setting custom MessageInterpolator of type org.springframework.validation.beanvalidation.LocaleContextMessageInterpolator
16:13:26.907 [main] DEBUG org.hibernate.validator.internal.xml.config.ValidationXmlParser -- Trying to load META-INF/validation.xml for XML based Validator configuration.
16:13:26.908 [main] DEBUG org.hibernate.validator.internal.xml.config.ResourceLoaderHelper -- Trying to load META-INF/validation.xml via TCCL
16:13:26.908 [main] DEBUG org.hibernate.validator.internal.xml.config.ResourceLoaderHelper -- Trying to load META-INF/validation.xml via Hibernate Validator's class loader
16:13:26.908 [main] DEBUG org.hibernate.validator.internal.xml.config.ValidationXmlParser -- No META-INF/validation.xml found. Using annotation based configuration only.
16:13:26.912 [main] DEBUG org.hibernate.validator.internal.engine.resolver.TraversableResolvers -- Cannot find jakarta.persistence.Persistence on classpath. Assuming non JPA 2 environment. All properties will per default be traversable.
16:13:26.915 [main] DEBUG org.hibernate.validator.internal.engine.ValidatorFactoryConfigurationHelper -- HV000252: Using org.hibernate.validator.internal.engine.DefaultPropertyNodeNameProvider as property node name provider.
16:13:26.916 [main] DEBUG org.hibernate.validator.internal.engine.ValidatorFactoryConfigurationHelper -- HV000234: Using org.springframework.validation.beanvalidation.LocaleContextMessageInterpolator as ValidatorFactory-scoped message interpolator.
16:13:26.916 [main] DEBUG org.hibernate.validator.internal.engine.ValidatorFactoryConfigurationHelper -- HV000234: Using org.hibernate.validator.internal.engine.resolver.TraverseAllTraversableResolver as ValidatorFactory-scoped traversable resolver.
16:13:26.917 [main] DEBUG org.hibernate.validator.internal.engine.ValidatorFactoryConfigurationHelper -- HV000234: Using org.hibernate.validator.internal.util.ExecutableParameterNameProvider as ValidatorFactory-scoped parameter name provider.
16:13:26.917 [main] DEBUG org.hibernate.validator.internal.engine.ValidatorFactoryConfigurationHelper -- HV000234: Using org.hibernate.validator.internal.engine.DefaultClockProvider as ValidatorFactory-scoped clock provider.
16:13:26.917 [main] DEBUG org.hibernate.validator.internal.engine.ValidatorFactoryConfigurationHelper -- HV000234: Using org.hibernate.validator.internal.engine.scripting.DefaultScriptEvaluatorFactory as ValidatorFactory-scoped script evaluator factory.
16:13:26.923 [main] DEBUG _org.springframework.web.servlet.HandlerMapping.Mappings -- 
	c.e.A.ZombieController:
	{PUT [/zombies/{id}]}: updateZombie(long,ZombieDTO)
	{GET [/zombies/{id}]}: getZombieById(long)
	{GET [/zombies]}: getAllZombies()
	{POST [/zombies]}: createZombie(ZombieDTO)
	{DELETE [/zombies/{id}]}: deleteZombie(long)
16:13:26.926 [main] DEBUG org.springframework.web.servlet.mvc.method.annotation.RequestMappingHandlerMapping -- 5 mappings in org.springframework.web.servlet.mvc.method.annotation.RequestMappingHandlerMapping
16:13:26.930 [main] DEBUG org.springframework.web.servlet.mvc.method.annotation.RequestMappingHandlerAdapter -- ControllerAdvice beans: 0 @ModelAttribute, 0 @InitBinder, 1 RequestBodyAdvice, 1 ResponseBodyAdvice
16:13:26.930 [main] DEBUG org.springframework.web.servlet.mvc.method.annotation.ExceptionHandlerExceptionResolver -- ControllerAdvice beans: 0 @ExceptionHandler, 1 ResponseBodyAdvice
16:13:26.931 [main] INFO org.springframework.mock.web.MockServletContext -- Initializing Spring TestDispatcherServlet ''
16:13:26.931 [main] INFO org.springframework.test.web.servlet.TestDispatcherServlet -- Initializing Servlet ''
16:13:26.931 [main] DEBUG org.springframework.test.web.servlet.TestDispatcherServlet -- Detected AcceptHeaderLocaleResolver
16:13:26.931 [main] DEBUG org.springframework.test.web.servlet.TestDispatcherServlet -- Detected FixedThemeResolver
16:13:26.931 [main] DEBUG org.springframework.test.web.servlet.TestDispatcherServlet -- Detected org.springframework.web.servlet.view.DefaultRequestToViewNameTranslator@1472208d
16:13:26.931 [main] DEBUG org.springframework.test.web.servlet.TestDispatcherServlet -- Detected org.springframework.web.servlet.support.SessionFlashMapManager@35bd8bc9
16:13:26.931 [main] DEBUG org.springframework.test.web.servlet.TestDispatcherServlet -- enableLoggingRequestDetails='false': request parameters and headers will be masked to prevent unsafe logging of potentially sensitive data
16:13:26.931 [main] INFO org.springframework.test.web.servlet.TestDispatcherServlet -- Completed initialization in 0 ms
16:13:26.933 [main] DEBUG org.springframework.test.web.servlet.TestDispatcherServlet -- GET "/zombies/1", parameters={}
16:13:26.933 [main] DEBUG org.springframework.web.servlet.mvc.method.annotation.RequestMappingHandlerMapping -- Mapped to com.epf.API.ZombieController#getZombieById(long)
16:13:26.937 [main] DEBUG org.springframework.web.servlet.mvc.method.annotation.RequestResponseBodyMethodProcessor -- Using 'application/json', given [*/*] and supported [application/json, application/*+json]
16:13:26.937 [main] DEBUG org.springframework.web.servlet.mvc.method.annotation.RequestResponseBodyMethodProcessor -- Writing [com.epf.API.ZombieDTO@6de004f1]
16:13:26.938 [main] DEBUG org.springframework.test.web.servlet.TestDispatcherServlet -- Completed 200 OK
16:13:26.938 [main] DEBUG com.jayway.jsonpath.internal.path.CompiledPath -- Evaluating path: $['id_zombie']
16:13:26.939 [main] DEBUG com.jayway.jsonpath.internal.path.CompiledPath -- Evaluating path: $['nom']
]]></system-out>
  </testcase>
</testsuite>