<?xml version="1.0" encoding="UTF-8"?>
<testsuite xmlns:xsi="http://www.w3.org/2001/XMLSchema-instance" xsi:noNamespaceSchemaLocation="https://maven.apache.org/surefire/maven-surefire-plugin/xsd/surefire-test-report-3.0.xsd" version="3.0" name="com.epf.API.PlantControllerTest" time="0.342" tests="5" errors="0" skipped="0" failures="0">
  <properties>
    <property name="java.specification.version" value="21"/>
    <property name="sun.cpu.isalist" value="amd64"/>
    <property name="sun.jnu.encoding" value="Cp1252"/>
    <property name="java.class.path" value="C:\Users\arthu\OneDrive\Bureau\informatique epf\4A\JAVA\CoursEpfBack\target\test-classes;C:\Users\arthu\OneDrive\Bureau\informatique epf\4A\JAVA\CoursEpfBack\target\classes;C:\Users\arthu\.m2\repository\org\springframework\spring-webmvc\6.2.2\spring-webmvc-6.2.2.jar;C:\Users\arthu\.m2\repository\org\springframework\spring-aop\6.2.2\spring-aop-6.2.2.jar;C:\Users\arthu\.m2\repository\org\springframework\spring-beans\6.2.2\spring-beans-6.2.2.jar;C:\Users\arthu\.m2\repository\org\springframework\spring-context\6.2.2\spring-context-6.2.2.jar;C:\Users\arthu\.m2\repository\io\micrometer\micrometer-observation\1.14.3\micrometer-observation-1.14.3.jar;C:\Users\arthu\.m2\repository\io\micrometer\micrometer-commons\1.14.3\micrometer-commons-1.14.3.jar;C:\Users\arthu\.m2\repository\org\springframework\spring-core\6.2.2\spring-core-6.2.2.jar;C:\Users\arthu\.m2\repository\org\springframework\spring-jcl\6.2.2\spring-jcl-6.2.2.jar;C:\Users\arthu\.m2\repository\org\springframework\spring-expression\6.2.2\spring-expression-6.2.2.jar;C:\Users\arthu\.m2\repository\org\springframework\spring-web\6.2.2\spring-web-6.2.2.jar;C:\Users\arthu\.m2\repository\org\springframework\spring-jdbc\6.1.13\spring-jdbc-6.1.13.jar;C:\Users\arthu\.m2\repository\org\springframework\spring-tx\6.1.13\spring-tx-6.1.13.jar;C:\Users\arthu\.m2\repository\com\mysql\mysql-connector-j\8.0.33\mysql-connector-j-8.0.33.jar;C:\Users\arthu\.m2\repository\com\google\protobuf\protobuf-java\3.21.9\protobuf-java-3.21.9.jar;C:\Users\arthu\.m2\repository\com\fasterxml\jackson\core\jackson-databind\2.18.2\jackson-databind-2.18.2.jar;C:\Users\arthu\.m2\repository\com\fasterxml\jackson\core\jackson-annotations\2.18.2\jackson-annotations-2.18.2.jar;C:\Users\arthu\.m2\repository\com\fasterxml\jackson\core\jackson-core\2.18.2\jackson-core-2.18.2.jar;C:\Users\arthu\.m2\repository\jakarta\servlet\jakarta.servlet-api\6.1.0\jakarta.servlet-api-6.1.0.jar;C:\Users\arthu\.m2\repository\ch\qos\logback\logback-classic\1.5.16\logback-classic-1.5.16.jar;C:\Users\arthu\.m2\repository\ch\qos\logback\logback-core\1.5.16\logback-core-1.5.16.jar;C:\Users\arthu\.m2\repository\org\slf4j\slf4j-api\2.0.16\slf4j-api-2.0.16.jar;C:\Users\arthu\.m2\repository\junit\junit\4.13.2\junit-4.13.2.jar;C:\Users\arthu\.m2\repository\org\hamcrest\hamcrest-core\1.3\hamcrest-core-1.3.jar;C:\Users\arthu\.m2\repository\org\junit\jupiter\junit-jupiter-api\5.8.1\junit-jupiter-api-5.8.1.jar;C:\Users\arthu\.m2\repository\org\opentest4j\opentest4j\1.2.0\opentest4j-1.2.0.jar;C:\Users\arthu\.m2\repository\org\junit\platform\junit-platform-commons\1.8.1\junit-platform-commons-1.8.1.jar;C:\Users\arthu\.m2\repository\org\apiguardian\apiguardian-api\1.1.2\apiguardian-api-1.1.2.jar;C:\Users\arthu\.m2\repository\org\junit\jupiter\junit-jupiter-engine\5.8.1\junit-jupiter-engine-5.8.1.jar;C:\Users\arthu\.m2\repository\org\junit\platform\junit-platform-engine\1.8.1\junit-platform-engine-1.8.1.jar;C:\Users\arthu\.m2\repository\org\mockito\mockito-junit-jupiter\5.16.1\mockito-junit-jupiter-5.16.1.jar;C:\Users\arthu\.m2\repository\org\mockito\mockito-core\5.16.1\mockito-core-5.16.1.jar;C:\Users\arthu\.m2\repository\net\bytebuddy\byte-buddy\1.15.11\byte-buddy-1.15.11.jar;C:\Users\arthu\.m2\repository\net\bytebuddy\byte-buddy-agent\1.15.11\byte-buddy-agent-1.15.11.jar;C:\Users\arthu\.m2\repository\org\objenesis\objenesis\3.3\objenesis-3.3.jar;C:\Users\arthu\.m2\repository\org\springframework\spring-test\6.2.2\spring-test-6.2.2.jar;C:\Users\arthu\.m2\repository\com\jayway\jsonpath\json-path\2.7.0\json-path-2.7.0.jar;C:\Users\arthu\.m2\repository\net\minidev\json-smart\2.4.7\json-smart-2.4.7.jar;C:\Users\arthu\.m2\repository\net\minidev\accessors-smart\2.4.7\accessors-smart-2.4.7.jar;C:\Users\arthu\.m2\repository\org\ow2\asm\asm\9.1\asm-9.1.jar;C:\Users\arthu\.m2\repository\javax\servlet\javax.servlet-api\4.0.1\javax.servlet-api-4.0.1.jar;C:\Users\arthu\.m2\repository\org\hibernate\validator\hibernate-validator\8.0.1.Final\hibernate-validator-8.0.1.Final.jar;C:\Users\arthu\.m2\repository\org\jboss\logging\jboss-logging\3.4.3.Final\jboss-logging-3.4.3.Final.jar;C:\Users\arthu\.m2\repository\com\fasterxml\classmate\1.5.1\classmate-1.5.1.jar;C:\Users\arthu\.m2\repository\jakarta\validation\jakarta.validation-api\3.0.2\jakarta.validation-api-3.0.2.jar;C:\Users\arthu\.m2\repository\org\hamcrest\hamcrest\2.2\hamcrest-2.2.jar;C:\Users\arthu\.m2\repository\org\glassfish\jakarta.el\4.0.2\jakarta.el-4.0.2.jar;C:\Users\arthu\.m2\repository\jakarta\el\jakarta.el-api\4.0.0\jakarta.el-api-4.0.0.jar;"/>
    <property name="java.vm.vendor" value="Oracle Corporation"/>
    <property name="sun.arch.data.model" value="64"/>
    <property name="user.variant" value=""/>
    <property name="java.vendor.url" value="https://java.oracle.com/"/>
    <property name="user.timezone" value="Europe/Paris"/>
    <property name="os.name" value="Windows 11"/>
    <property name="java.vm.specification.version" value="21"/>
    <property name="sun.java.launcher" value="SUN_STANDARD"/>
    <property name="user.country" value="FR"/>
    <property name="sun.boot.library.path" value="C:\Program Files\Java\jdk-21\bin"/>
    <property name="sun.java.command" value="C:\Users\arthu\AppData\Local\Temp\surefire14469491702189581938\surefirebooter-20250428161617103_3.jar C:\Users\arthu\AppData\Local\Temp\surefire14469491702189581938 2025-04-28T16-16-16_906-jvmRun1 surefire-20250428161617103_1tmp surefire_0-20250428161617103_2tmp"/>
    <property name="jdk.debug" value="release"/>
    <property name="surefire.test.class.path" value="C:\Users\arthu\OneDrive\Bureau\informatique epf\4A\JAVA\CoursEpfBack\target\test-classes;C:\Users\arthu\OneDrive\Bureau\informatique epf\4A\JAVA\CoursEpfBack\target\classes;C:\Users\arthu\.m2\repository\org\springframework\spring-webmvc\6.2.2\spring-webmvc-6.2.2.jar;C:\Users\arthu\.m2\repository\org\springframework\spring-aop\6.2.2\spring-aop-6.2.2.jar;C:\Users\arthu\.m2\repository\org\springframework\spring-beans\6.2.2\spring-beans-6.2.2.jar;C:\Users\arthu\.m2\repository\org\springframework\spring-context\6.2.2\spring-context-6.2.2.jar;C:\Users\arthu\.m2\repository\io\micrometer\micrometer-observation\1.14.3\micrometer-observation-1.14.3.jar;C:\Users\arthu\.m2\repository\io\micrometer\micrometer-commons\1.14.3\micrometer-commons-1.14.3.jar;C:\Users\arthu\.m2\repository\org\springframework\spring-core\6.2.2\spring-core-6.2.2.jar;C:\Users\arthu\.m2\repository\org\springframework\spring-jcl\6.2.2\spring-jcl-6.2.2.jar;C:\Users\arthu\.m2\repository\org\springframework\spring-expression\6.2.2\spring-expression-6.2.2.jar;C:\Users\arthu\.m2\repository\org\springframework\spring-web\6.2.2\spring-web-6.2.2.jar;C:\Users\arthu\.m2\repository\org\springframework\spring-jdbc\6.1.13\spring-jdbc-6.1.13.jar;C:\Users\arthu\.m2\repository\org\springframework\spring-tx\6.1.13\spring-tx-6.1.13.jar;C:\Users\arthu\.m2\repository\com\mysql\mysql-connector-j\8.0.33\mysql-connector-j-8.0.33.jar;C:\Users\arthu\.m2\repository\com\google\protobuf\protobuf-java\3.21.9\protobuf-java-3.21.9.jar;C:\Users\arthu\.m2\repository\com\fasterxml\jackson\core\jackson-databind\2.18.2\jackson-databind-2.18.2.jar;C:\Users\arthu\.m2\repository\com\fasterxml\jackson\core\jackson-annotations\2.18.2\jackson-annotations-2.18.2.jar;C:\Users\arthu\.m2\repository\com\fasterxml\jackson\core\jackson-core\2.18.2\jackson-core-2.18.2.jar;C:\Users\arthu\.m2\repository\jakarta\servlet\jakarta.servlet-api\6.1.0\jakarta.servlet-api-6.1.0.jar;C:\Users\arthu\.m2\repository\ch\qos\logback\logback-classic\1.5.16\logback-classic-1.5.16.jar;C:\Users\arthu\.m2\repository\ch\qos\logback\logback-core\1.5.16\logback-core-1.5.16.jar;C:\Users\arthu\.m2\repository\org\slf4j\slf4j-api\2.0.16\slf4j-api-2.0.16.jar;C:\Users\arthu\.m2\repository\junit\junit\4.13.2\junit-4.13.2.jar;C:\Users\arthu\.m2\repository\org\hamcrest\hamcrest-core\1.3\hamcrest-core-1.3.jar;C:\Users\arthu\.m2\repository\org\junit\jupiter\junit-jupiter-api\5.8.1\junit-jupiter-api-5.8.1.jar;C:\Users\arthu\.m2\repository\org\opentest4j\opentest4j\1.2.0\opentest4j-1.2.0.jar;C:\Users\arthu\.m2\repository\org\junit\platform\junit-platform-commons\1.8.1\junit-platform-commons-1.8.1.jar;C:\Users\arthu\.m2\repository\org\apiguardian\apiguardian-api\1.1.2\apiguardian-api-1.1.2.jar;C:\Users\arthu\.m2\repository\org\junit\jupiter\junit-jupiter-engine\5.8.1\junit-jupiter-engine-5.8.1.jar;C:\Users\arthu\.m2\repository\org\junit\platform\junit-platform-engine\1.8.1\junit-platform-engine-1.8.1.jar;C:\Users\arthu\.m2\repository\org\mockito\mockito-junit-jupiter\5.16.1\mockito-junit-jupiter-5.16.1.jar;C:\Users\arthu\.m2\repository\org\mockito\mockito-core\5.16.1\mockito-core-5.16.1.jar;C:\Users\arthu\.m2\repository\net\bytebuddy\byte-buddy\1.15.11\byte-buddy-1.15.11.jar;C:\Users\arthu\.m2\repository\net\bytebuddy\byte-buddy-agent\1.15.11\byte-buddy-agent-1.15.11.jar;C:\Users\arthu\.m2\repository\org\objenesis\objenesis\3.3\objenesis-3.3.jar;C:\Users\arthu\.m2\repository\org\springframework\spring-test\6.2.2\spring-test-6.2.2.jar;C:\Users\arthu\.m2\repository\com\jayway\jsonpath\json-path\2.7.0\json-path-2.7.0.jar;C:\Users\arthu\.m2\repository\net\minidev\json-smart\2.4.7\json-smart-2.4.7.jar;C:\Users\arthu\.m2\repository\net\minidev\accessors-smart\2.4.7\accessors-smart-2.4.7.jar;C:\Users\arthu\.m2\repository\org\ow2\asm\asm\9.1\asm-9.1.jar;C:\Users\arthu\.m2\repository\javax\servlet\javax.servlet-api\4.0.1\javax.servlet-api-4.0.1.jar;C:\Users\arthu\.m2\repository\org\hibernate\validator\hibernate-validator\8.0.1.Final\hibernate-validator-8.0.1.Final.jar;C:\Users\arthu\.m2\repository\org\jboss\logging\jboss-logging\3.4.3.Final\jboss-logging-3.4.3.Final.jar;C:\Users\arthu\.m2\repository\com\fasterxml\classmate\1.5.1\classmate-1.5.1.jar;C:\Users\arthu\.m2\repository\jakarta\validation\jakarta.validation-api\3.0.2\jakarta.validation-api-3.0.2.jar;C:\Users\arthu\.m2\repository\org\hamcrest\hamcrest\2.2\hamcrest-2.2.jar;C:\Users\arthu\.m2\repository\org\glassfish\jakarta.el\4.0.2\jakarta.el-4.0.2.jar;C:\Users\arthu\.m2\repository\jakarta\el\jakarta.el-api\4.0.0\jakarta.el-api-4.0.0.jar;"/>
    <property name="sun.cpu.endian" value="little"/>
    <property name="user.home" value="C:\Users\arthu"/>
    <property name="user.language" value="fr"/>
    <property name="java.specification.vendor" value="Oracle Corporation"/>
    <property name="java.version.date" value="2025-01-21"/>
    <property name="java.home" value="C:\Program Files\Java\jdk-21"/>
    <property name="file.separator" value="\"/>
    <property name="basedir" value="C:\Users\arthu\OneDrive\Bureau\informatique epf\4A\JAVA\CoursEpfBack"/>
    <property name="java.vm.compressedOopsMode" value="Zero based"/>
    <property name="line.separator" value="&#10;"/>
    <property name="java.vm.specification.vendor" value="Oracle Corporation"/>
    <property name="java.specification.name" value="Java Platform API Specification"/>
    <property name="surefire.real.class.path" value="C:\Users\arthu\AppData\Local\Temp\surefire14469491702189581938\surefirebooter-20250428161617103_3.jar"/>
    <property name="user.script" value=""/>
    <property name="sun.management.compiler" value="HotSpot 64-Bit Tiered Compilers"/>
    <property name="java.runtime.version" value="21.0.6+8-LTS-188"/>
    <property name="user.name" value="arthu"/>
    <property name="stdout.encoding" value="Cp1252"/>
    <property name="path.separator" value=";"/>
    <property name="os.version" value="10.0"/>
    <property name="java.runtime.name" value="Java(TM) SE Runtime Environment"/>
    <property name="file.encoding" value="UTF-8"/>
    <property name="java.vm.name" value="Java HotSpot(TM) 64-Bit Server VM"/>
    <property name="localRepository" value="C:\Users\arthu\.m2\repository"/>
    <property name="java.vendor.url.bug" value="https://bugreport.java.com/bugreport/"/>
    <property name="java.io.tmpdir" value="C:\Users\arthu\AppData\Local\Temp\"/>
    <property name="java.version" value="21.0.6"/>
    <property name="user.dir" value="C:\Users\arthu\OneDrive\Bureau\informatique epf\4A\JAVA\CoursEpfBack"/>
    <property name="os.arch" value="amd64"/>
    <property name="java.vm.specification.name" value="Java Virtual Machine Specification"/>
    <property name="sun.os.patch.level" value=""/>
    <property name="native.encoding" value="Cp1252"/>
    <property name="java.library.path" value="C:\Program Files\Java\jdk-21\bin;C:\WINDOWS\Sun\Java\bin;C:\WINDOWS\system32;C:\WINDOWS;C:\Windows\system32;C:\Windows;C:\Windows\System32\Wbem;C:\Windows\System32\WindowsPowerShell\v1.0\;C:\Windows\System32\OpenSSH\;C:\Program Files (x86)\NVIDIA Corporation\PhysX\Common;C:\Program Files\MATLAB\R2023b\bin;C:\WINDOWS\system32;C:\WINDOWS;C:\WINDOWS\System32\Wbem;C:\WINDOWS\System32\WindowsPowerShell\v1.0\;C:\WINDOWS\System32\OpenSSH\;C:\Program Files\NVIDIA Corporation\NVIDIA app\NvDLISR;C:\Program Files\MySQL\MySQL Server 8.0\bin;C:\Program Files\Java\jdk-21\bin;C:\ProgramData\ComposerSetup\bin;C:\Program Files\Go\bin;C:\Program Files\Meld\;C:\Program Files\nodejs\;C:\Program Files\Docker\Docker\resources\bin;C:\Users\arthu\AppData\Local\Programs\Python\Python313\Scripts\;C:\Users\arthu\AppData\Local\Programs\Python\Python313\;C:\Program Files\dotnet\;C:\Program Files\PuTTY\;C:\Users\arthu\AppData\Local\Programs\Python\Launcher\;C:\Users\arthu\AppData\Local\Microsoft\WindowsApps;C:\Users\arthu\AppData\Local\Programs\Microsoft VS Code\bin;C:\Program Files\MySQL\MySQL Server 8.0\bin;C:\Users\arthu\Downloads\apache-maven-3.9.9-bin\apache-maven-3.9.9\bin;C:\Program Files\Java\jdk-21\bin;C:\Users\arthu\Downloads\apache-tomcat-10.1.35\apache-tomcat-10.1.35;C:\MAMP\bin\php\php8.3.1;C:\Users\arthu\AppData\Roaming\Composer\vendor\bin;C:\Users\arthu\Downloads\symfony-cli_windows_amd64;C:\Users\arthu\go\bin;C:\Users\arthu\AppData\Roaming\npm;C:\Users\arthu\AppData\Local\Programs\Python\Python313\;;c:\Users\arthu\AppData\Roaming\Code\User\globalStorage\github.copilot-chat\debugCommand;."/>
    <property name="java.vm.info" value="mixed mode, sharing"/>
    <property name="stderr.encoding" value="Cp1252"/>
    <property name="java.vendor" value="Oracle Corporation"/>
    <property name="java.vm.version" value="21.0.6+8-LTS-188"/>
    <property name="sun.io.unicode.encoding" value="UnicodeLittle"/>
    <property name="java.class.version" value="65.0"/>
  </properties>
  <testcase name="testDeletePlant" classname="com.epf.API.PlantControllerTest" time="0.126">
    <system-out><![CDATA[16:16:21.811 [main] DEBUG org.hibernate.validator.messageinterpolation.ResourceBundleMessageInterpolator -- Loaded expression factory via original TCCL
16:16:21.811 [main] DEBUG org.hibernate.validator.internal.engine.AbstractConfigurationImpl -- Setting custom MessageInterpolator of type org.springframework.validation.beanvalidation.LocaleContextMessageInterpolator
16:16:21.811 [main] DEBUG org.hibernate.validator.internal.xml.config.ValidationXmlParser -- Trying to load META-INF/validation.xml for XML based Validator configuration.
16:16:21.811 [main] DEBUG org.hibernate.validator.internal.xml.config.ResourceLoaderHelper -- Trying to load META-INF/validation.xml via TCCL
16:16:21.812 [main] DEBUG org.hibernate.validator.internal.xml.config.ResourceLoaderHelper -- Trying to load META-INF/validation.xml via Hibernate Validator's class loader
16:16:21.812 [main] DEBUG org.hibernate.validator.internal.xml.config.ValidationXmlParser -- No META-INF/validation.xml found. Using annotation based configuration only.
16:16:21.813 [main] DEBUG org.hibernate.validator.internal.engine.resolver.TraversableResolvers -- Cannot find jakarta.persistence.Persistence on classpath. Assuming non JPA 2 environment. All properties will per default be traversable.
16:16:21.814 [main] DEBUG org.hibernate.validator.internal.engine.ValidatorFactoryConfigurationHelper -- HV000252: Using org.hibernate.validator.internal.engine.DefaultPropertyNodeNameProvider as property node name provider.
16:16:21.815 [main] DEBUG org.hibernate.validator.internal.engine.ValidatorFactoryConfigurationHelper -- HV000234: Using org.springframework.validation.beanvalidation.LocaleContextMessageInterpolator as ValidatorFactory-scoped message interpolator.
16:16:21.815 [main] DEBUG org.hibernate.validator.internal.engine.ValidatorFactoryConfigurationHelper -- HV000234: Using org.hibernate.validator.internal.engine.resolver.TraverseAllTraversableResolver as ValidatorFactory-scoped traversable resolver.
16:16:21.815 [main] DEBUG org.hibernate.validator.internal.engine.ValidatorFactoryConfigurationHelper -- HV000234: Using org.hibernate.validator.internal.util.ExecutableParameterNameProvider as ValidatorFactory-scoped parameter name provider.
16:16:21.815 [main] DEBUG org.hibernate.validator.internal.engine.ValidatorFactoryConfigurationHelper -- HV000234: Using org.hibernate.validator.internal.engine.DefaultClockProvider as ValidatorFactory-scoped clock provider.
16:16:21.815 [main] DEBUG org.hibernate.validator.internal.engine.ValidatorFactoryConfigurationHelper -- HV000234: Using org.hibernate.validator.internal.engine.scripting.DefaultScriptEvaluatorFactory as ValidatorFactory-scoped script evaluator factory.
16:16:21.825 [main] DEBUG _org.springframework.web.servlet.HandlerMapping.Mappings -- 
	c.e.A.PlantController:
	{GET [/plantes]}: getAllPlants()
	{DELETE [/plantes/{id}]}: deletePlant(long)
	{POST [/plantes]}: createPlant(PlantDTO)
	{PUT [/plantes/{id}]}: updatePlant(long,PlantDTO)
	{GET [/plantes/{id}]}: getPlantById(long)
16:16:21.830 [main] DEBUG org.springframework.web.servlet.mvc.method.annotation.RequestMappingHandlerMapping -- 5 mappings in org.springframework.web.servlet.mvc.method.annotation.RequestMappingHandlerMapping
16:16:21.832 [main] DEBUG org.springframework.web.servlet.mvc.method.annotation.RequestMappingHandlerAdapter -- ControllerAdvice beans: 0 @ModelAttribute, 0 @InitBinder, 1 RequestBodyAdvice, 1 ResponseBodyAdvice
16:16:21.832 [main] DEBUG org.springframework.web.servlet.mvc.method.annotation.ExceptionHandlerExceptionResolver -- ControllerAdvice beans: 0 @ExceptionHandler, 1 ResponseBodyAdvice
16:16:21.832 [main] INFO org.springframework.mock.web.MockServletContext -- Initializing Spring TestDispatcherServlet ''
16:16:21.832 [main] INFO org.springframework.test.web.servlet.TestDispatcherServlet -- Initializing Servlet ''
16:16:21.833 [main] DEBUG org.springframework.test.web.servlet.TestDispatcherServlet -- Detected AcceptHeaderLocaleResolver
16:16:21.833 [main] DEBUG org.springframework.test.web.servlet.TestDispatcherServlet -- Detected FixedThemeResolver
16:16:21.833 [main] DEBUG org.springframework.test.web.servlet.TestDispatcherServlet -- Detected org.springframework.web.servlet.view.DefaultRequestToViewNameTranslator@42ef042a
16:16:21.833 [main] DEBUG org.springframework.test.web.servlet.TestDispatcherServlet -- Detected org.springframework.web.servlet.support.SessionFlashMapManager@1df5c7e3
16:16:21.833 [main] DEBUG org.springframework.test.web.servlet.TestDispatcherServlet -- enableLoggingRequestDetails='false': request parameters and headers will be masked to prevent unsafe logging of potentially sensitive data
16:16:21.833 [main] INFO org.springframework.test.web.servlet.TestDispatcherServlet -- Completed initialization in 1 ms
16:16:21.833 [main] DEBUG org.springframework.test.web.servlet.TestDispatcherServlet -- DELETE "/plantes/1", parameters={}
16:16:21.834 [main] DEBUG org.springframework.web.servlet.mvc.method.annotation.RequestMappingHandlerMapping -- Mapped to com.epf.API.PlantController#deletePlant(long)
16:16:21.836 [main] DEBUG org.springframework.web.servlet.mvc.method.annotation.RequestResponseBodyMethodProcessor -- Using 'application/json', given [*/*] and supported [application/json, application/*+json]
16:16:21.837 [main] DEBUG org.springframework.web.servlet.mvc.method.annotation.RequestResponseBodyMethodProcessor -- Nothing to write: null body
16:16:21.837 [main] DEBUG org.springframework.test.web.servlet.TestDispatcherServlet -- Completed 200 OK
]]></system-out>
  </testcase>
  <testcase name="testUpdatePlant" classname="com.epf.API.PlantControllerTest" time="0.072">
    <system-out><![CDATA[16:16:21.844 [main] DEBUG org.hibernate.validator.messageinterpolation.ResourceBundleMessageInterpolator -- Loaded expression factory via original TCCL
16:16:21.844 [main] DEBUG org.hibernate.validator.internal.engine.AbstractConfigurationImpl -- Setting custom MessageInterpolator of type org.springframework.validation.beanvalidation.LocaleContextMessageInterpolator
16:16:21.844 [main] DEBUG org.hibernate.validator.internal.xml.config.ValidationXmlParser -- Trying to load META-INF/validation.xml for XML based Validator configuration.
16:16:21.845 [main] DEBUG org.hibernate.validator.internal.xml.config.ResourceLoaderHelper -- Trying to load META-INF/validation.xml via TCCL
16:16:21.845 [main] DEBUG org.hibernate.validator.internal.xml.config.ResourceLoaderHelper -- Trying to load META-INF/validation.xml via Hibernate Validator's class loader
16:16:21.845 [main] DEBUG org.hibernate.validator.internal.xml.config.ValidationXmlParser -- No META-INF/validation.xml found. Using annotation based configuration only.
16:16:21.846 [main] DEBUG org.hibernate.validator.internal.engine.resolver.TraversableResolvers -- Cannot find jakarta.persistence.Persistence on classpath. Assuming non JPA 2 environment. All properties will per default be traversable.
16:16:21.850 [main] DEBUG org.hibernate.validator.internal.engine.ValidatorFactoryConfigurationHelper -- HV000252: Using org.hibernate.validator.internal.engine.DefaultPropertyNodeNameProvider as property node name provider.
16:16:21.851 [main] DEBUG org.hibernate.validator.internal.engine.ValidatorFactoryConfigurationHelper -- HV000234: Using org.springframework.validation.beanvalidation.LocaleContextMessageInterpolator as ValidatorFactory-scoped message interpolator.
16:16:21.851 [main] DEBUG org.hibernate.validator.internal.engine.ValidatorFactoryConfigurationHelper -- HV000234: Using org.hibernate.validator.internal.engine.resolver.TraverseAllTraversableResolver as ValidatorFactory-scoped traversable resolver.
16:16:21.852 [main] DEBUG org.hibernate.validator.internal.engine.ValidatorFactoryConfigurationHelper -- HV000234: Using org.hibernate.validator.internal.util.ExecutableParameterNameProvider as ValidatorFactory-scoped parameter name provider.
16:16:21.852 [main] DEBUG org.hibernate.validator.internal.engine.ValidatorFactoryConfigurationHelper -- HV000234: Using org.hibernate.validator.internal.engine.DefaultClockProvider as ValidatorFactory-scoped clock provider.
16:16:21.852 [main] DEBUG org.hibernate.validator.internal.engine.ValidatorFactoryConfigurationHelper -- HV000234: Using org.hibernate.validator.internal.engine.scripting.DefaultScriptEvaluatorFactory as ValidatorFactory-scoped script evaluator factory.
16:16:21.859 [main] DEBUG _org.springframework.web.servlet.HandlerMapping.Mappings -- 
	c.e.A.PlantController:
	{GET [/plantes]}: getAllPlants()
	{DELETE [/plantes/{id}]}: deletePlant(long)
	{POST [/plantes]}: createPlant(PlantDTO)
	{PUT [/plantes/{id}]}: updatePlant(long,PlantDTO)
	{GET [/plantes/{id}]}: getPlantById(long)
16:16:21.864 [main] DEBUG org.springframework.web.servlet.mvc.method.annotation.RequestMappingHandlerMapping -- 5 mappings in org.springframework.web.servlet.mvc.method.annotation.RequestMappingHandlerMapping
16:16:21.868 [main] DEBUG org.springframework.web.servlet.mvc.method.annotation.RequestMappingHandlerAdapter -- ControllerAdvice beans: 0 @ModelAttribute, 0 @InitBinder, 1 RequestBodyAdvice, 1 ResponseBodyAdvice
16:16:21.869 [main] DEBUG org.springframework.web.servlet.mvc.method.annotation.ExceptionHandlerExceptionResolver -- ControllerAdvice beans: 0 @ExceptionHandler, 1 ResponseBodyAdvice
16:16:21.871 [main] INFO org.springframework.mock.web.MockServletContext -- Initializing Spring TestDispatcherServlet ''
16:16:21.871 [main] INFO org.springframework.test.web.servlet.TestDispatcherServlet -- Initializing Servlet ''
16:16:21.871 [main] DEBUG org.springframework.test.web.servlet.TestDispatcherServlet -- Detected AcceptHeaderLocaleResolver
16:16:21.871 [main] DEBUG org.springframework.test.web.servlet.TestDispatcherServlet -- Detected FixedThemeResolver
16:16:21.871 [main] DEBUG org.springframework.test.web.servlet.TestDispatcherServlet -- Detected org.springframework.web.servlet.view.DefaultRequestToViewNameTranslator@5729b410
16:16:21.871 [main] DEBUG org.springframework.test.web.servlet.TestDispatcherServlet -- Detected org.springframework.web.servlet.support.SessionFlashMapManager@64518270
16:16:21.871 [main] DEBUG org.springframework.test.web.servlet.TestDispatcherServlet -- enableLoggingRequestDetails='false': request parameters and headers will be masked to prevent unsafe logging of potentially sensitive data
16:16:21.872 [main] INFO org.springframework.test.web.servlet.TestDispatcherServlet -- Completed initialization in 1 ms
16:16:21.873 [main] DEBUG org.springframework.test.web.servlet.TestDispatcherServlet -- PUT "/plantes/1", parameters={}
16:16:21.873 [main] DEBUG org.springframework.web.servlet.mvc.method.annotation.RequestMappingHandlerMapping -- Mapped to com.epf.API.PlantController#updatePlant(long, PlantDTO)
16:16:21.899 [main] DEBUG org.springframework.web.servlet.mvc.method.annotation.RequestResponseBodyMethodProcessor -- Read "application/json" to [com.epf.API.PlantDTO@4f1fb828]
16:16:21.903 [main] DEBUG org.springframework.web.servlet.mvc.method.annotation.RequestResponseBodyMethodProcessor -- Using 'application/json', given [*/*] and supported [application/json, application/*+json]
16:16:21.904 [main] DEBUG org.springframework.web.servlet.mvc.method.annotation.RequestResponseBodyMethodProcessor -- Writing [com.epf.API.PlantDTO@4f1fb828]
16:16:21.908 [main] DEBUG org.springframework.test.web.servlet.TestDispatcherServlet -- Completed 200 OK
16:16:21.909 [main] DEBUG com.jayway.jsonpath.internal.path.CompiledPath -- Evaluating path: $['nom']
16:16:21.909 [main] DEBUG com.jayway.jsonpath.internal.path.CompiledPath -- Evaluating path: $['point_de_vie']
]]></system-out>
  </testcase>
  <testcase name="testCreatePlant" classname="com.epf.API.PlantControllerTest" time="0.038">
    <system-out><![CDATA[16:16:21.916 [main] DEBUG org.hibernate.validator.messageinterpolation.ResourceBundleMessageInterpolator -- Loaded expression factory via original TCCL
16:16:21.916 [main] DEBUG org.hibernate.validator.internal.engine.AbstractConfigurationImpl -- Setting custom MessageInterpolator of type org.springframework.validation.beanvalidation.LocaleContextMessageInterpolator
16:16:21.919 [main] DEBUG org.hibernate.validator.internal.xml.config.ValidationXmlParser -- Trying to load META-INF/validation.xml for XML based Validator configuration.
16:16:21.919 [main] DEBUG org.hibernate.validator.internal.xml.config.ResourceLoaderHelper -- Trying to load META-INF/validation.xml via TCCL
16:16:21.920 [main] DEBUG org.hibernate.validator.internal.xml.config.ResourceLoaderHelper -- Trying to load META-INF/validation.xml via Hibernate Validator's class loader
16:16:21.920 [main] DEBUG org.hibernate.validator.internal.xml.config.ValidationXmlParser -- No META-INF/validation.xml found. Using annotation based configuration only.
16:16:21.922 [main] DEBUG org.hibernate.validator.internal.engine.resolver.TraversableResolvers -- Cannot find jakarta.persistence.Persistence on classpath. Assuming non JPA 2 environment. All properties will per default be traversable.
16:16:21.925 [main] DEBUG org.hibernate.validator.internal.engine.ValidatorFactoryConfigurationHelper -- HV000252: Using org.hibernate.validator.internal.engine.DefaultPropertyNodeNameProvider as property node name provider.
16:16:21.925 [main] DEBUG org.hibernate.validator.internal.engine.ValidatorFactoryConfigurationHelper -- HV000234: Using org.springframework.validation.beanvalidation.LocaleContextMessageInterpolator as ValidatorFactory-scoped message interpolator.
16:16:21.925 [main] DEBUG org.hibernate.validator.internal.engine.ValidatorFactoryConfigurationHelper -- HV000234: Using org.hibernate.validator.internal.engine.resolver.TraverseAllTraversableResolver as ValidatorFactory-scoped traversable resolver.
16:16:21.925 [main] DEBUG org.hibernate.validator.internal.engine.ValidatorFactoryConfigurationHelper -- HV000234: Using org.hibernate.validator.internal.util.ExecutableParameterNameProvider as ValidatorFactory-scoped parameter name provider.
16:16:21.925 [main] DEBUG org.hibernate.validator.internal.engine.ValidatorFactoryConfigurationHelper -- HV000234: Using org.hibernate.validator.internal.engine.DefaultClockProvider as ValidatorFactory-scoped clock provider.
16:16:21.926 [main] DEBUG org.hibernate.validator.internal.engine.ValidatorFactoryConfigurationHelper -- HV000234: Using org.hibernate.validator.internal.engine.scripting.DefaultScriptEvaluatorFactory as ValidatorFactory-scoped script evaluator factory.
16:16:21.934 [main] DEBUG _org.springframework.web.servlet.HandlerMapping.Mappings -- 
	c.e.A.PlantController:
	{GET [/plantes]}: getAllPlants()
	{DELETE [/plantes/{id}]}: deletePlant(long)
	{POST [/plantes]}: createPlant(PlantDTO)
	{PUT [/plantes/{id}]}: updatePlant(long,PlantDTO)
	{GET [/plantes/{id}]}: getPlantById(long)
16:16:21.937 [main] DEBUG org.springframework.web.servlet.mvc.method.annotation.RequestMappingHandlerMapping -- 5 mappings in org.springframework.web.servlet.mvc.method.annotation.RequestMappingHandlerMapping
16:16:21.940 [main] DEBUG org.springframework.web.servlet.mvc.method.annotation.RequestMappingHandlerAdapter -- ControllerAdvice beans: 0 @ModelAttribute, 0 @InitBinder, 1 RequestBodyAdvice, 1 ResponseBodyAdvice
16:16:21.940 [main] DEBUG org.springframework.web.servlet.mvc.method.annotation.ExceptionHandlerExceptionResolver -- ControllerAdvice beans: 0 @ExceptionHandler, 1 ResponseBodyAdvice
16:16:21.940 [main] INFO org.springframework.mock.web.MockServletContext -- Initializing Spring TestDispatcherServlet ''
16:16:21.940 [main] INFO org.springframework.test.web.servlet.TestDispatcherServlet -- Initializing Servlet ''
16:16:21.941 [main] DEBUG org.springframework.test.web.servlet.TestDispatcherServlet -- Detected AcceptHeaderLocaleResolver
16:16:21.941 [main] DEBUG org.springframework.test.web.servlet.TestDispatcherServlet -- Detected FixedThemeResolver
16:16:21.941 [main] DEBUG org.springframework.test.web.servlet.TestDispatcherServlet -- Detected org.springframework.web.servlet.view.DefaultRequestToViewNameTranslator@1961d75a
16:16:21.941 [main] DEBUG org.springframework.test.web.servlet.TestDispatcherServlet -- Detected org.springframework.web.servlet.support.SessionFlashMapManager@677ce519
16:16:21.941 [main] DEBUG org.springframework.test.web.servlet.TestDispatcherServlet -- enableLoggingRequestDetails='false': request parameters and headers will be masked to prevent unsafe logging of potentially sensitive data
16:16:21.941 [main] INFO org.springframework.test.web.servlet.TestDispatcherServlet -- Completed initialization in 1 ms
16:16:21.942 [main] DEBUG org.springframework.test.web.servlet.TestDispatcherServlet -- POST "/plantes", parameters={}
16:16:21.943 [main] DEBUG org.springframework.web.servlet.mvc.method.annotation.RequestMappingHandlerMapping -- Mapped to com.epf.API.PlantController#createPlant(PlantDTO)
16:16:21.946 [main] DEBUG org.springframework.web.servlet.mvc.method.annotation.RequestResponseBodyMethodProcessor -- Read "application/json" to [com.epf.API.PlantDTO@3e26482]
16:16:21.949 [main] DEBUG org.springframework.web.servlet.mvc.method.annotation.RequestResponseBodyMethodProcessor -- Using 'application/json', given [*/*] and supported [application/json, application/*+json]
16:16:21.950 [main] DEBUG org.springframework.web.servlet.mvc.method.annotation.RequestResponseBodyMethodProcessor -- Writing [com.epf.API.PlantDTO@3e26482]
16:16:21.950 [main] DEBUG org.springframework.test.web.servlet.TestDispatcherServlet -- Completed 200 OK
16:16:21.950 [main] DEBUG com.jayway.jsonpath.internal.path.CompiledPath -- Evaluating path: $['nom']
16:16:21.951 [main] DEBUG com.jayway.jsonpath.internal.path.CompiledPath -- Evaluating path: $['point_de_vie']
]]></system-out>
  </testcase>
  <testcase name="testGetPlantById" classname="com.epf.API.PlantControllerTest" time="0.048">
    <system-out><![CDATA[16:16:21.958 [main] DEBUG org.hibernate.validator.messageinterpolation.ResourceBundleMessageInterpolator -- Loaded expression factory via original TCCL
16:16:21.958 [main] DEBUG org.hibernate.validator.internal.engine.AbstractConfigurationImpl -- Setting custom MessageInterpolator of type org.springframework.validation.beanvalidation.LocaleContextMessageInterpolator
16:16:21.959 [main] DEBUG org.hibernate.validator.internal.xml.config.ValidationXmlParser -- Trying to load META-INF/validation.xml for XML based Validator configuration.
16:16:21.959 [main] DEBUG org.hibernate.validator.internal.xml.config.ResourceLoaderHelper -- Trying to load META-INF/validation.xml via TCCL
16:16:21.960 [main] DEBUG org.hibernate.validator.internal.xml.config.ResourceLoaderHelper -- Trying to load META-INF/validation.xml via Hibernate Validator's class loader
16:16:21.960 [main] DEBUG org.hibernate.validator.internal.xml.config.ValidationXmlParser -- No META-INF/validation.xml found. Using annotation based configuration only.
16:16:21.961 [main] DEBUG org.hibernate.validator.internal.engine.resolver.TraversableResolvers -- Cannot find jakarta.persistence.Persistence on classpath. Assuming non JPA 2 environment. All properties will per default be traversable.
16:16:21.963 [main] DEBUG org.hibernate.validator.internal.engine.ValidatorFactoryConfigurationHelper -- HV000252: Using org.hibernate.validator.internal.engine.DefaultPropertyNodeNameProvider as property node name provider.
16:16:21.963 [main] DEBUG org.hibernate.validator.internal.engine.ValidatorFactoryConfigurationHelper -- HV000234: Using org.springframework.validation.beanvalidation.LocaleContextMessageInterpolator as ValidatorFactory-scoped message interpolator.
16:16:21.965 [main] DEBUG org.hibernate.validator.internal.engine.ValidatorFactoryConfigurationHelper -- HV000234: Using org.hibernate.validator.internal.engine.resolver.TraverseAllTraversableResolver as ValidatorFactory-scoped traversable resolver.
16:16:21.966 [main] DEBUG org.hibernate.validator.internal.engine.ValidatorFactoryConfigurationHelper -- HV000234: Using org.hibernate.validator.internal.util.ExecutableParameterNameProvider as ValidatorFactory-scoped parameter name provider.
16:16:21.966 [main] DEBUG org.hibernate.validator.internal.engine.ValidatorFactoryConfigurationHelper -- HV000234: Using org.hibernate.validator.internal.engine.DefaultClockProvider as ValidatorFactory-scoped clock provider.
16:16:21.966 [main] DEBUG org.hibernate.validator.internal.engine.ValidatorFactoryConfigurationHelper -- HV000234: Using org.hibernate.validator.internal.engine.scripting.DefaultScriptEvaluatorFactory as ValidatorFactory-scoped script evaluator factory.
16:16:21.974 [main] DEBUG _org.springframework.web.servlet.HandlerMapping.Mappings -- 
	c.e.A.PlantController:
	{GET [/plantes]}: getAllPlants()
	{DELETE [/plantes/{id}]}: deletePlant(long)
	{POST [/plantes]}: createPlant(PlantDTO)
	{PUT [/plantes/{id}]}: updatePlant(long,PlantDTO)
	{GET [/plantes/{id}]}: getPlantById(long)
16:16:21.981 [main] DEBUG org.springframework.web.servlet.mvc.method.annotation.RequestMappingHandlerMapping -- 5 mappings in org.springframework.web.servlet.mvc.method.annotation.RequestMappingHandlerMapping
16:16:21.990 [main] DEBUG org.springframework.web.servlet.mvc.method.annotation.RequestMappingHandlerAdapter -- ControllerAdvice beans: 0 @ModelAttribute, 0 @InitBinder, 1 RequestBodyAdvice, 1 ResponseBodyAdvice
16:16:21.990 [main] DEBUG org.springframework.web.servlet.mvc.method.annotation.ExceptionHandlerExceptionResolver -- ControllerAdvice beans: 0 @ExceptionHandler, 1 ResponseBodyAdvice
16:16:21.990 [main] INFO org.springframework.mock.web.MockServletContext -- Initializing Spring TestDispatcherServlet ''
16:16:21.991 [main] INFO org.springframework.test.web.servlet.TestDispatcherServlet -- Initializing Servlet ''
16:16:21.991 [main] DEBUG org.springframework.test.web.servlet.TestDispatcherServlet -- Detected AcceptHeaderLocaleResolver
16:16:21.991 [main] DEBUG org.springframework.test.web.servlet.TestDispatcherServlet -- Detected FixedThemeResolver
16:16:21.991 [main] DEBUG org.springframework.test.web.servlet.TestDispatcherServlet -- Detected org.springframework.web.servlet.view.DefaultRequestToViewNameTranslator@2199e845
16:16:21.992 [main] DEBUG org.springframework.test.web.servlet.TestDispatcherServlet -- Detected org.springframework.web.servlet.support.SessionFlashMapManager@27976390
16:16:21.992 [main] DEBUG org.springframework.test.web.servlet.TestDispatcherServlet -- enableLoggingRequestDetails='false': request parameters and headers will be masked to prevent unsafe logging of potentially sensitive data
16:16:21.992 [main] INFO org.springframework.test.web.servlet.TestDispatcherServlet -- Completed initialization in 1 ms
16:16:21.993 [main] DEBUG org.springframework.test.web.servlet.TestDispatcherServlet -- GET "/plantes/1", parameters={}
16:16:21.993 [main] DEBUG org.springframework.web.servlet.mvc.method.annotation.RequestMappingHandlerMapping -- Mapped to com.epf.API.PlantController#getPlantById(long)
16:16:21.998 [main] DEBUG org.springframework.web.servlet.mvc.method.annotation.RequestResponseBodyMethodProcessor -- Using 'application/json', given [*/*] and supported [application/json, application/*+json]
16:16:21.999 [main] DEBUG org.springframework.web.servlet.mvc.method.annotation.RequestResponseBodyMethodProcessor -- Writing [com.epf.API.PlantDTO@37e0056e]
16:16:21.999 [main] DEBUG org.springframework.test.web.servlet.TestDispatcherServlet -- Completed 200 OK
16:16:22.000 [main] DEBUG com.jayway.jsonpath.internal.path.CompiledPath -- Evaluating path: $['id_plante']
16:16:22.000 [main] DEBUG com.jayway.jsonpath.internal.path.CompiledPath -- Evaluating path: $['nom']
16:16:22.001 [main] DEBUG com.jayway.jsonpath.internal.path.CompiledPath -- Evaluating path: $['point_de_vie']
16:16:22.002 [main] DEBUG com.jayway.jsonpath.internal.path.CompiledPath -- Evaluating path: $['chemin_image']
]]></system-out>
  </testcase>
  <testcase name="testGetAllPlants" classname="com.epf.API.PlantControllerTest" time="0.047">
    <system-out><![CDATA[16:16:22.011 [main] DEBUG org.hibernate.validator.messageinterpolation.ResourceBundleMessageInterpolator -- Loaded expression factory via original TCCL
16:16:22.011 [main] DEBUG org.hibernate.validator.internal.engine.AbstractConfigurationImpl -- Setting custom MessageInterpolator of type org.springframework.validation.beanvalidation.LocaleContextMessageInterpolator
16:16:22.012 [main] DEBUG org.hibernate.validator.internal.xml.config.ValidationXmlParser -- Trying to load META-INF/validation.xml for XML based Validator configuration.
16:16:22.012 [main] DEBUG org.hibernate.validator.internal.xml.config.ResourceLoaderHelper -- Trying to load META-INF/validation.xml via TCCL
16:16:22.012 [main] DEBUG org.hibernate.validator.internal.xml.config.ResourceLoaderHelper -- Trying to load META-INF/validation.xml via Hibernate Validator's class loader
16:16:22.013 [main] DEBUG org.hibernate.validator.internal.xml.config.ValidationXmlParser -- No META-INF/validation.xml found. Using annotation based configuration only.
16:16:22.018 [main] DEBUG org.hibernate.validator.internal.engine.resolver.TraversableResolvers -- Cannot find jakarta.persistence.Persistence on classpath. Assuming non JPA 2 environment. All properties will per default be traversable.
16:16:22.028 [main] DEBUG org.hibernate.validator.internal.engine.ValidatorFactoryConfigurationHelper -- HV000252: Using org.hibernate.validator.internal.engine.DefaultPropertyNodeNameProvider as property node name provider.
16:16:22.029 [main] DEBUG org.hibernate.validator.internal.engine.ValidatorFactoryConfigurationHelper -- HV000234: Using org.springframework.validation.beanvalidation.LocaleContextMessageInterpolator as ValidatorFactory-scoped message interpolator.
16:16:22.030 [main] DEBUG org.hibernate.validator.internal.engine.ValidatorFactoryConfigurationHelper -- HV000234: Using org.hibernate.validator.internal.engine.resolver.TraverseAllTraversableResolver as ValidatorFactory-scoped traversable resolver.
16:16:22.031 [main] DEBUG org.hibernate.validator.internal.engine.ValidatorFactoryConfigurationHelper -- HV000234: Using org.hibernate.validator.internal.util.ExecutableParameterNameProvider as ValidatorFactory-scoped parameter name provider.
16:16:22.031 [main] DEBUG org.hibernate.validator.internal.engine.ValidatorFactoryConfigurationHelper -- HV000234: Using org.hibernate.validator.internal.engine.DefaultClockProvider as ValidatorFactory-scoped clock provider.
16:16:22.032 [main] DEBUG org.hibernate.validator.internal.engine.ValidatorFactoryConfigurationHelper -- HV000234: Using org.hibernate.validator.internal.engine.scripting.DefaultScriptEvaluatorFactory as ValidatorFactory-scoped script evaluator factory.
16:16:22.038 [main] DEBUG _org.springframework.web.servlet.HandlerMapping.Mappings -- 
	c.e.A.PlantController:
	{GET [/plantes]}: getAllPlants()
	{DELETE [/plantes/{id}]}: deletePlant(long)
	{POST [/plantes]}: createPlant(PlantDTO)
	{PUT [/plantes/{id}]}: updatePlant(long,PlantDTO)
	{GET [/plantes/{id}]}: getPlantById(long)
16:16:22.039 [main] DEBUG org.springframework.web.servlet.mvc.method.annotation.RequestMappingHandlerMapping -- 5 mappings in org.springframework.web.servlet.mvc.method.annotation.RequestMappingHandlerMapping
16:16:22.044 [main] DEBUG org.springframework.web.servlet.mvc.method.annotation.RequestMappingHandlerAdapter -- ControllerAdvice beans: 0 @ModelAttribute, 0 @InitBinder, 1 RequestBodyAdvice, 1 ResponseBodyAdvice
16:16:22.044 [main] DEBUG org.springframework.web.servlet.mvc.method.annotation.ExceptionHandlerExceptionResolver -- ControllerAdvice beans: 0 @ExceptionHandler, 1 ResponseBodyAdvice
16:16:22.044 [main] INFO org.springframework.mock.web.MockServletContext -- Initializing Spring TestDispatcherServlet ''
16:16:22.044 [main] INFO org.springframework.test.web.servlet.TestDispatcherServlet -- Initializing Servlet ''
16:16:22.044 [main] DEBUG org.springframework.test.web.servlet.TestDispatcherServlet -- Detected AcceptHeaderLocaleResolver
16:16:22.044 [main] DEBUG org.springframework.test.web.servlet.TestDispatcherServlet -- Detected FixedThemeResolver
16:16:22.044 [main] DEBUG org.springframework.test.web.servlet.TestDispatcherServlet -- Detected org.springframework.web.servlet.view.DefaultRequestToViewNameTranslator@1f84327b
16:16:22.045 [main] DEBUG org.springframework.test.web.servlet.TestDispatcherServlet -- Detected org.springframework.web.servlet.support.SessionFlashMapManager@39549f33
16:16:22.045 [main] DEBUG org.springframework.test.web.servlet.TestDispatcherServlet -- enableLoggingRequestDetails='false': request parameters and headers will be masked to prevent unsafe logging of potentially sensitive data
16:16:22.045 [main] INFO org.springframework.test.web.servlet.TestDispatcherServlet -- Completed initialization in 1 ms
16:16:22.045 [main] DEBUG org.springframework.test.web.servlet.TestDispatcherServlet -- GET "/plantes", parameters={}
16:16:22.046 [main] DEBUG org.springframework.web.servlet.mvc.method.annotation.RequestMappingHandlerMapping -- Mapped to com.epf.API.PlantController#getAllPlants()
16:16:22.048 [main] DEBUG org.springframework.web.servlet.mvc.method.annotation.RequestResponseBodyMethodProcessor -- Using 'application/json', given [*/*] and supported [application/json, application/*+json]
16:16:22.048 [main] DEBUG org.springframework.web.servlet.mvc.method.annotation.RequestResponseBodyMethodProcessor -- Writing [[com.epf.API.PlantDTO@7a83ccd2, com.epf.API.PlantDTO@44aa2e13]]
16:16:22.050 [main] DEBUG org.springframework.test.web.servlet.TestDispatcherServlet -- Completed 200 OK
16:16:22.051 [main] DEBUG com.jayway.jsonpath.internal.path.CompiledPath -- Evaluating path: $[0]['id_plante']
16:16:22.052 [main] DEBUG com.jayway.jsonpath.internal.path.CompiledPath -- Evaluating path: $[0]['nom']
16:16:22.052 [main] DEBUG com.jayway.jsonpath.internal.path.CompiledPath -- Evaluating path: $[1]['id_plante']
16:16:22.052 [main] DEBUG com.jayway.jsonpath.internal.path.CompiledPath -- Evaluating path: $[1]['nom']
]]></system-out>
  </testcase>
</testsuite>